{"/Users/henryboswell/Desktop/react-native-onesignal/src/OSNotification.ts": {"path":"/Users/henryboswell/Desktop/react-native-onesignal/src/OSNotification.ts","statementMap":{"0":{"start":{"line":40,"column":8},"end":{"line":40,"column":39}},"1":{"start":{"line":41,"column":8},"end":{"line":41,"column":41}},"2":{"start":{"line":42,"column":8},"end":{"line":42,"column":41}},"3":{"start":{"line":43,"column":8},"end":{"line":43,"column":49}},"4":{"start":{"line":44,"column":8},"end":{"line":44,"column":51}},"5":{"start":{"line":45,"column":8},"end":{"line":45,"column":57}},"6":{"start":{"line":46,"column":8},"end":{"line":46,"column":59}},"7":{"start":{"line":47,"column":8},"end":{"line":47,"column":59}},"8":{"start":{"line":49,"column":8},"end":{"line":62,"column":9}},"9":{"start":{"line":50,"column":12},"end":{"line":50,"column":51}},"10":{"start":{"line":51,"column":12},"end":{"line":51,"column":51}},"11":{"start":{"line":52,"column":12},"end":{"line":52,"column":51}},"12":{"start":{"line":53,"column":12},"end":{"line":53,"column":53}},"13":{"start":{"line":54,"column":12},"end":{"line":54,"column":53}},"14":{"start":{"line":55,"column":12},"end":{"line":55,"column":55}},"15":{"start":{"line":56,"column":12},"end":{"line":56,"column":55}},"16":{"start":{"line":57,"column":12},"end":{"line":57,"column":59}},"17":{"start":{"line":58,"column":12},"end":{"line":58,"column":69}},"18":{"start":{"line":59,"column":12},"end":{"line":59,"column":75}},"19":{"start":{"line":60,"column":12},"end":{"line":60,"column":75}},"20":{"start":{"line":61,"column":12},"end":{"line":61,"column":77}},"21":{"start":{"line":64,"column":8},"end":{"line":77,"column":9}},"22":{"start":{"line":65,"column":12},"end":{"line":65,"column":45}},"23":{"start":{"line":66,"column":12},"end":{"line":66,"column":51}},"24":{"start":{"line":67,"column":12},"end":{"line":67,"column":51}},"25":{"start":{"line":68,"column":12},"end":{"line":68,"column":51}},"26":{"start":{"line":69,"column":12},"end":{"line":69,"column":55}},"27":{"start":{"line":70,"column":12},"end":{"line":70,"column":57}},"28":{"start":{"line":71,"column":12},"end":{"line":71,"column":59}},"29":{"start":{"line":72,"column":12},"end":{"line":72,"column":63}},"30":{"start":{"line":73,"column":12},"end":{"line":73,"column":63}},"31":{"start":{"line":74,"column":12},"end":{"line":74,"column":67}},"32":{"start":{"line":75,"column":12},"end":{"line":75,"column":63}},"33":{"start":{"line":76,"column":12},"end":{"line":76,"column":69}}},"fnMap":{"0":{"name":"(anonymous_0)","decl":{"start":{"line":39,"column":4},"end":{"line":39,"column":5}},"loc":{"start":{"line":39,"column":47},"end":{"line":78,"column":5}},"line":39}},"branchMap":{"0":{"loc":{"start":{"line":49,"column":8},"end":{"line":62,"column":9}},"type":"if","locations":[{"start":{"line":49,"column":8},"end":{"line":62,"column":9}},{"start":{},"end":{}}],"line":49},"1":{"loc":{"start":{"line":64,"column":8},"end":{"line":77,"column":9}},"type":"if","locations":[{"start":{"line":64,"column":8},"end":{"line":77,"column":9}},{"start":{},"end":{}}],"line":64}},"s":{"0":0,"1":0,"2":0,"3":0,"4":0,"5":0,"6":0,"7":0,"8":0,"9":0,"10":0,"11":0,"12":0,"13":0,"14":0,"15":0,"16":0,"17":0,"18":0,"19":0,"20":0,"21":0,"22":0,"23":0,"24":0,"25":0,"26":0,"27":0,"28":0,"29":0,"30":0,"31":0,"32":0,"33":0},"f":{"0":0},"b":{"0":[0,0],"1":[0,0]}}
,"/Users/henryboswell/Desktop/react-native-onesignal/src/helpers.ts": {"path":"/Users/henryboswell/Desktop/react-native-onesignal/src/helpers.ts","statementMap":{"0":{"start":{"line":11,"column":4},"end":{"line":14,"column":6}},"1":{"start":{"line":18,"column":4},"end":{"line":21,"column":5}},"2":{"start":{"line":19,"column":8},"end":{"line":19,"column":118}},"3":{"start":{"line":20,"column":8},"end":{"line":20,"column":21}},"4":{"start":{"line":22,"column":4},"end":{"line":22,"column":16}},"5":{"start":{"line":30,"column":4},"end":{"line":38,"column":5}},"6":{"start":{"line":35,"column":12},"end":{"line":35,"column":24}},"7":{"start":{"line":37,"column":12},"end":{"line":37,"column":25}}},"fnMap":{"0":{"name":"isValidCallback","decl":{"start":{"line":10,"column":16},"end":{"line":10,"column":31}},"loc":{"start":{"line":10,"column":51},"end":{"line":15,"column":1}},"line":10},"1":{"name":"isNativeModuleLoaded","decl":{"start":{"line":17,"column":16},"end":{"line":17,"column":36}},"loc":{"start":{"line":17,"column":68},"end":{"line":23,"column":1}},"line":17},"2":{"name":"isMultipleInstancesPossible","decl":{"start":{"line":29,"column":16},"end":{"line":29,"column":43}},"loc":{"start":{"line":29,"column":63},"end":{"line":39,"column":1}},"line":29}},"branchMap":{"0":{"loc":{"start":{"line":18,"column":4},"end":{"line":21,"column":5}},"type":"if","locations":[{"start":{"line":18,"column":4},"end":{"line":21,"column":5}},{"start":{},"end":{}}],"line":18},"1":{"loc":{"start":{"line":30,"column":4},"end":{"line":38,"column":5}},"type":"switch","locations":[{"start":{"line":31,"column":8},"end":{"line":31,"column":32}},{"start":{"line":32,"column":8},"end":{"line":32,"column":34}},{"start":{"line":33,"column":8},"end":{"line":33,"column":40}},{"start":{"line":34,"column":8},"end":{"line":35,"column":24}},{"start":{"line":36,"column":8},"end":{"line":37,"column":25}}],"line":30}},"s":{"0":0,"1":0,"2":0,"3":0,"4":0,"5":0,"6":0,"7":0},"f":{"0":0,"1":0,"2":0},"b":{"0":[0,0],"1":[0,0,0,0,0]}}
,"/Users/henryboswell/Desktop/react-native-onesignal/src/index.ts": {"path":"/Users/henryboswell/Desktop/react-native-onesignal/src/index.ts","statementMap":{"0":{"start":{"line":32,"column":20},"end":{"line":32,"column":43}},"1":{"start":{"line":33,"column":21},"end":{"line":33,"column":50}},"2":{"start":{"line":47,"column":8},"end":{"line":47,"column":55}},"3":{"start":{"line":47,"column":48},"end":{"line":47,"column":55}},"4":{"start":{"line":48,"column":8},"end":{"line":48,"column":36}},"5":{"start":{"line":59,"column":8},"end":{"line":59,"column":55}},"6":{"start":{"line":59,"column":48},"end":{"line":59,"column":55}},"7":{"start":{"line":60,"column":8},"end":{"line":60,"column":34}},"8":{"start":{"line":61,"column":8},"end":{"line":61,"column":44}},"9":{"start":{"line":62,"column":8},"end":{"line":62,"column":85}},"10":{"start":{"line":70,"column":8},"end":{"line":70,"column":55}},"11":{"start":{"line":70,"column":48},"end":{"line":70,"column":55}},"12":{"start":{"line":71,"column":8},"end":{"line":71,"column":47}},"13":{"start":{"line":72,"column":8},"end":{"line":72,"column":59}},"14":{"start":{"line":81,"column":8},"end":{"line":81,"column":55}},"15":{"start":{"line":81,"column":48},"end":{"line":81,"column":55}},"16":{"start":{"line":82,"column":8},"end":{"line":82,"column":34}},"17":{"start":{"line":83,"column":8},"end":{"line":83,"column":46}},"18":{"start":{"line":84,"column":8},"end":{"line":84,"column":89}},"19":{"start":{"line":92,"column":8},"end":{"line":92,"column":55}},"20":{"start":{"line":92,"column":48},"end":{"line":92,"column":55}},"21":{"start":{"line":93,"column":8},"end":{"line":93,"column":49}},"22":{"start":{"line":94,"column":8},"end":{"line":94,"column":61}},"23":{"start":{"line":103,"column":8},"end":{"line":103,"column":55}},"24":{"start":{"line":103,"column":48},"end":{"line":103,"column":55}},"25":{"start":{"line":104,"column":8},"end":{"line":104,"column":34}},"26":{"start":{"line":105,"column":8},"end":{"line":105,"column":51}},"27":{"start":{"line":106,"column":8},"end":{"line":106,"column":100}},"28":{"start":{"line":114,"column":8},"end":{"line":114,"column":55}},"29":{"start":{"line":114,"column":48},"end":{"line":114,"column":55}},"30":{"start":{"line":115,"column":8},"end":{"line":115,"column":54}},"31":{"start":{"line":116,"column":8},"end":{"line":116,"column":67}},"32":{"start":{"line":125,"column":8},"end":{"line":125,"column":55}},"33":{"start":{"line":125,"column":48},"end":{"line":125,"column":55}},"34":{"start":{"line":126,"column":8},"end":{"line":126,"column":34}},"35":{"start":{"line":127,"column":8},"end":{"line":127,"column":49}},"36":{"start":{"line":128,"column":8},"end":{"line":128,"column":96}},"37":{"start":{"line":136,"column":8},"end":{"line":136,"column":55}},"38":{"start":{"line":136,"column":48},"end":{"line":136,"column":55}},"39":{"start":{"line":137,"column":8},"end":{"line":137,"column":52}},"40":{"start":{"line":138,"column":8},"end":{"line":138,"column":65}},"41":{"start":{"line":151,"column":8},"end":{"line":151,"column":55}},"42":{"start":{"line":151,"column":48},"end":{"line":151,"column":55}},"43":{"start":{"line":152,"column":8},"end":{"line":152,"column":33}},"44":{"start":{"line":153,"column":8},"end":{"line":153,"column":65}},"45":{"start":{"line":154,"column":8},"end":{"line":154,"column":97}},"46":{"start":{"line":163,"column":8},"end":{"line":163,"column":55}},"47":{"start":{"line":163,"column":48},"end":{"line":163,"column":55}},"48":{"start":{"line":164,"column":8},"end":{"line":164,"column":33}},"49":{"start":{"line":166,"column":8},"end":{"line":166,"column":51}},"50":{"start":{"line":167,"column":8},"end":{"line":167,"column":80}},"51":{"start":{"line":184,"column":8},"end":{"line":184,"column":55}},"52":{"start":{"line":184,"column":48},"end":{"line":184,"column":55}},"53":{"start":{"line":186,"column":33},"end":{"line":186,"column":38}},"54":{"start":{"line":188,"column":8},"end":{"line":195,"column":9}},"55":{"start":{"line":190,"column":12},"end":{"line":190,"column":50}},"56":{"start":{"line":192,"column":13},"end":{"line":195,"column":9}},"57":{"start":{"line":194,"column":12},"end":{"line":194,"column":61}},"58":{"start":{"line":198,"column":8},"end":{"line":200,"column":9}},"59":{"start":{"line":199,"column":12},"end":{"line":199,"column":35}},"60":{"start":{"line":202,"column":8},"end":{"line":202,"column":92}},"61":{"start":{"line":215,"column":8},"end":{"line":215,"column":55}},"62":{"start":{"line":215,"column":48},"end":{"line":215,"column":55}},"63":{"start":{"line":217,"column":8},"end":{"line":222,"column":9}},"64":{"start":{"line":218,"column":12},"end":{"line":218,"column":37}},"65":{"start":{"line":219,"column":12},"end":{"line":219,"column":69}},"66":{"start":{"line":221,"column":12},"end":{"line":221,"column":106}},"67":{"start":{"line":231,"column":8},"end":{"line":231,"column":55}},"68":{"start":{"line":231,"column":48},"end":{"line":231,"column":55}},"69":{"start":{"line":233,"column":8},"end":{"line":233,"column":41}},"70":{"start":{"line":242,"column":8},"end":{"line":242,"column":55}},"71":{"start":{"line":242,"column":48},"end":{"line":242,"column":55}},"72":{"start":{"line":244,"column":8},"end":{"line":248,"column":9}},"73":{"start":{"line":245,"column":12},"end":{"line":245,"column":77}},"74":{"start":{"line":247,"column":12},"end":{"line":247,"column":106}},"75":{"start":{"line":259,"column":8},"end":{"line":259,"column":78}},"76":{"start":{"line":259,"column":48},"end":{"line":259,"column":78}},"77":{"start":{"line":260,"column":8},"end":{"line":260,"column":46}},"78":{"start":{"line":269,"column":8},"end":{"line":269,"column":55}},"79":{"start":{"line":269,"column":48},"end":{"line":269,"column":55}},"80":{"start":{"line":271,"column":8},"end":{"line":271,"column":46}},"81":{"start":{"line":279,"column":8},"end":{"line":279,"column":55}},"82":{"start":{"line":279,"column":48},"end":{"line":279,"column":55}},"83":{"start":{"line":282,"column":8},"end":{"line":282,"column":37}},"84":{"start":{"line":293,"column":8},"end":{"line":293,"column":77}},"85":{"start":{"line":293,"column":48},"end":{"line":293,"column":77}},"86":{"start":{"line":294,"column":28},"end":{"line":294,"column":62}},"87":{"start":{"line":296,"column":8},"end":{"line":299,"column":9}},"88":{"start":{"line":297,"column":12},"end":{"line":297,"column":94}},"89":{"start":{"line":298,"column":12},"end":{"line":298,"column":58}},"90":{"start":{"line":301,"column":8},"end":{"line":301,"column":27}},"91":{"start":{"line":312,"column":8},"end":{"line":312,"column":55}},"92":{"start":{"line":312,"column":48},"end":{"line":312,"column":55}},"93":{"start":{"line":314,"column":8},"end":{"line":316,"column":9}},"94":{"start":{"line":315,"column":12},"end":{"line":315,"column":37}},"95":{"start":{"line":318,"column":8},"end":{"line":320,"column":9}},"96":{"start":{"line":319,"column":12},"end":{"line":319,"column":37}},"97":{"start":{"line":321,"column":8},"end":{"line":321,"column":64}},"98":{"start":{"line":333,"column":8},"end":{"line":333,"column":55}},"99":{"start":{"line":333,"column":48},"end":{"line":333,"column":55}},"100":{"start":{"line":335,"column":8},"end":{"line":337,"column":9}},"101":{"start":{"line":336,"column":12},"end":{"line":336,"column":80}},"102":{"start":{"line":339,"column":8},"end":{"line":339,"column":40}},"103":{"start":{"line":348,"column":8},"end":{"line":348,"column":55}},"104":{"start":{"line":348,"column":48},"end":{"line":348,"column":55}},"105":{"start":{"line":349,"column":19},"end":{"line":349,"column":36}},"106":{"start":{"line":351,"column":8},"end":{"line":353,"column":9}},"107":{"start":{"line":352,"column":12},"end":{"line":352,"column":112}},"108":{"start":{"line":355,"column":8},"end":{"line":355,"column":41}},"109":{"start":{"line":364,"column":8},"end":{"line":364,"column":55}},"110":{"start":{"line":364,"column":48},"end":{"line":364,"column":55}},"111":{"start":{"line":365,"column":8},"end":{"line":365,"column":37}},"112":{"start":{"line":374,"column":8},"end":{"line":374,"column":55}},"113":{"start":{"line":374,"column":48},"end":{"line":374,"column":55}},"114":{"start":{"line":375,"column":8},"end":{"line":377,"column":9}},"115":{"start":{"line":376,"column":12},"end":{"line":376,"column":87}},"116":{"start":{"line":378,"column":8},"end":{"line":378,"column":38}},"117":{"start":{"line":386,"column":8},"end":{"line":386,"column":55}},"118":{"start":{"line":386,"column":48},"end":{"line":386,"column":55}},"119":{"start":{"line":388,"column":8},"end":{"line":390,"column":9}},"120":{"start":{"line":389,"column":12},"end":{"line":389,"column":83}},"121":{"start":{"line":392,"column":8},"end":{"line":392,"column":36}},"122":{"start":{"line":405,"column":8},"end":{"line":405,"column":55}},"123":{"start":{"line":405,"column":48},"end":{"line":405,"column":55}},"124":{"start":{"line":407,"column":8},"end":{"line":408,"column":33}},"125":{"start":{"line":408,"column":12},"end":{"line":408,"column":33}},"126":{"start":{"line":411,"column":8},"end":{"line":412,"column":35}},"127":{"start":{"line":412,"column":12},"end":{"line":412,"column":35}},"128":{"start":{"line":414,"column":8},"end":{"line":414,"column":60}},"129":{"start":{"line":422,"column":8},"end":{"line":422,"column":55}},"130":{"start":{"line":422,"column":48},"end":{"line":422,"column":55}},"131":{"start":{"line":425,"column":8},"end":{"line":426,"column":35}},"132":{"start":{"line":426,"column":12},"end":{"line":426,"column":35}},"133":{"start":{"line":428,"column":8},"end":{"line":428,"column":41}},"134":{"start":{"line":441,"column":8},"end":{"line":441,"column":55}},"135":{"start":{"line":441,"column":48},"end":{"line":441,"column":55}},"136":{"start":{"line":443,"column":8},"end":{"line":444,"column":31}},"137":{"start":{"line":444,"column":12},"end":{"line":444,"column":31}},"138":{"start":{"line":447,"column":8},"end":{"line":448,"column":35}},"139":{"start":{"line":448,"column":12},"end":{"line":448,"column":35}},"140":{"start":{"line":450,"column":8},"end":{"line":450,"column":66}},"141":{"start":{"line":458,"column":8},"end":{"line":458,"column":55}},"142":{"start":{"line":458,"column":48},"end":{"line":458,"column":55}},"143":{"start":{"line":461,"column":8},"end":{"line":462,"column":35}},"144":{"start":{"line":462,"column":12},"end":{"line":462,"column":35}},"145":{"start":{"line":464,"column":8},"end":{"line":464,"column":45}},"146":{"start":{"line":477,"column":8},"end":{"line":477,"column":55}},"147":{"start":{"line":477,"column":48},"end":{"line":477,"column":55}},"148":{"start":{"line":479,"column":8},"end":{"line":480,"column":37}},"149":{"start":{"line":480,"column":12},"end":{"line":480,"column":37}},"150":{"start":{"line":482,"column":8},"end":{"line":483,"column":37}},"151":{"start":{"line":483,"column":12},"end":{"line":483,"column":37}},"152":{"start":{"line":485,"column":8},"end":{"line":485,"column":85}},"153":{"start":{"line":493,"column":8},"end":{"line":493,"column":55}},"154":{"start":{"line":493,"column":48},"end":{"line":493,"column":55}},"155":{"start":{"line":495,"column":8},"end":{"line":499,"column":9}},"156":{"start":{"line":496,"column":12},"end":{"line":496,"column":54}},"157":{"start":{"line":498,"column":12},"end":{"line":498,"column":94}},"158":{"start":{"line":509,"column":8},"end":{"line":509,"column":55}},"159":{"start":{"line":509,"column":48},"end":{"line":509,"column":55}},"160":{"start":{"line":511,"column":8},"end":{"line":515,"column":9}},"161":{"start":{"line":512,"column":12},"end":{"line":512,"column":47}},"162":{"start":{"line":514,"column":12},"end":{"line":514,"column":85}},"163":{"start":{"line":525,"column":8},"end":{"line":525,"column":55}},"164":{"start":{"line":525,"column":48},"end":{"line":525,"column":55}},"165":{"start":{"line":527,"column":8},"end":{"line":531,"column":9}},"166":{"start":{"line":528,"column":12},"end":{"line":528,"column":55}},"167":{"start":{"line":530,"column":12},"end":{"line":530,"column":93}},"168":{"start":{"line":540,"column":6},"end":{"line":540,"column":53}},"169":{"start":{"line":540,"column":46},"end":{"line":540,"column":53}},"170":{"start":{"line":542,"column":6},"end":{"line":546,"column":7}},"171":{"start":{"line":543,"column":8},"end":{"line":543,"column":50}},"172":{"start":{"line":545,"column":8},"end":{"line":545,"column":85}},"173":{"start":{"line":560,"column":8},"end":{"line":560,"column":55}},"174":{"start":{"line":560,"column":48},"end":{"line":560,"column":55}},"175":{"start":{"line":562,"column":8},"end":{"line":565,"column":9}},"176":{"start":{"line":563,"column":12},"end":{"line":563,"column":75}},"177":{"start":{"line":564,"column":12},"end":{"line":564,"column":19}},"178":{"start":{"line":567,"column":8},"end":{"line":569,"column":9}},"179":{"start":{"line":568,"column":12},"end":{"line":568,"column":35}},"180":{"start":{"line":571,"column":8},"end":{"line":571,"column":74}},"181":{"start":{"line":580,"column":8},"end":{"line":580,"column":55}},"182":{"start":{"line":580,"column":48},"end":{"line":580,"column":55}},"183":{"start":{"line":583,"column":8},"end":{"line":584,"column":35}},"184":{"start":{"line":584,"column":12},"end":{"line":584,"column":35}},"185":{"start":{"line":586,"column":8},"end":{"line":586,"column":50}},"186":{"start":{"line":597,"column":8},"end":{"line":597,"column":55}},"187":{"start":{"line":597,"column":48},"end":{"line":597,"column":55}},"188":{"start":{"line":598,"column":8},"end":{"line":598,"column":33}},"189":{"start":{"line":599,"column":8},"end":{"line":599,"column":57}},"190":{"start":{"line":600,"column":8},"end":{"line":600,"column":50}},"191":{"start":{"line":601,"column":8},"end":{"line":601,"column":90}},"192":{"start":{"line":610,"column":8},"end":{"line":610,"column":55}},"193":{"start":{"line":610,"column":48},"end":{"line":610,"column":55}},"194":{"start":{"line":612,"column":8},"end":{"line":615,"column":9}},"195":{"start":{"line":613,"column":12},"end":{"line":613,"column":69}},"196":{"start":{"line":614,"column":12},"end":{"line":614,"column":125}},"197":{"start":{"line":616,"column":8},"end":{"line":619,"column":9}},"198":{"start":{"line":617,"column":12},"end":{"line":617,"column":68}},"199":{"start":{"line":618,"column":12},"end":{"line":618,"column":123}},"200":{"start":{"line":620,"column":8},"end":{"line":623,"column":9}},"201":{"start":{"line":621,"column":12},"end":{"line":621,"column":69}},"202":{"start":{"line":622,"column":12},"end":{"line":622,"column":125}},"203":{"start":{"line":624,"column":8},"end":{"line":627,"column":9}},"204":{"start":{"line":625,"column":12},"end":{"line":625,"column":68}},"205":{"start":{"line":626,"column":12},"end":{"line":626,"column":123}},"206":{"start":{"line":629,"column":8},"end":{"line":629,"column":54}},"207":{"start":{"line":639,"column":8},"end":{"line":639,"column":55}},"208":{"start":{"line":639,"column":48},"end":{"line":639,"column":55}},"209":{"start":{"line":642,"column":8},"end":{"line":644,"column":9}},"210":{"start":{"line":643,"column":12},"end":{"line":643,"column":83}},"211":{"start":{"line":646,"column":68},"end":{"line":646,"column":70}},"212":{"start":{"line":647,"column":8},"end":{"line":647,"column":29}},"213":{"start":{"line":648,"column":8},"end":{"line":648,"column":41}},"214":{"start":{"line":657,"column":8},"end":{"line":657,"column":55}},"215":{"start":{"line":657,"column":48},"end":{"line":657,"column":55}},"216":{"start":{"line":659,"column":19},"end":{"line":659,"column":40}},"217":{"start":{"line":661,"column":8},"end":{"line":663,"column":9}},"218":{"start":{"line":662,"column":12},"end":{"line":662,"column":110}},"219":{"start":{"line":665,"column":8},"end":{"line":665,"column":42}},"220":{"start":{"line":674,"column":8},"end":{"line":674,"column":55}},"221":{"start":{"line":674,"column":48},"end":{"line":674,"column":55}},"222":{"start":{"line":676,"column":8},"end":{"line":676,"column":48}},"223":{"start":{"line":685,"column":8},"end":{"line":685,"column":55}},"224":{"start":{"line":685,"column":48},"end":{"line":685,"column":55}},"225":{"start":{"line":686,"column":8},"end":{"line":686,"column":45}},"226":{"start":{"line":696,"column":8},"end":{"line":696,"column":77}},"227":{"start":{"line":696,"column":48},"end":{"line":696,"column":77}},"228":{"start":{"line":697,"column":8},"end":{"line":697,"column":54}},"229":{"start":{"line":706,"column":8},"end":{"line":706,"column":55}},"230":{"start":{"line":706,"column":48},"end":{"line":706,"column":55}},"231":{"start":{"line":707,"column":8},"end":{"line":707,"column":46}},"232":{"start":{"line":719,"column":8},"end":{"line":719,"column":55}},"233":{"start":{"line":719,"column":48},"end":{"line":719,"column":55}},"234":{"start":{"line":721,"column":8},"end":{"line":723,"column":9}},"235":{"start":{"line":722,"column":12},"end":{"line":722,"column":35}},"236":{"start":{"line":725,"column":8},"end":{"line":725,"column":47}},"237":{"start":{"line":735,"column":8},"end":{"line":735,"column":55}},"238":{"start":{"line":735,"column":48},"end":{"line":735,"column":55}},"239":{"start":{"line":737,"column":8},"end":{"line":739,"column":9}},"240":{"start":{"line":738,"column":12},"end":{"line":738,"column":35}},"241":{"start":{"line":741,"column":8},"end":{"line":741,"column":53}},"242":{"start":{"line":753,"column":8},"end":{"line":753,"column":55}},"243":{"start":{"line":753,"column":48},"end":{"line":753,"column":55}},"244":{"start":{"line":755,"column":8},"end":{"line":757,"column":9}},"245":{"start":{"line":756,"column":12},"end":{"line":756,"column":35}},"246":{"start":{"line":759,"column":8},"end":{"line":759,"column":71}},"247":{"start":{"line":769,"column":8},"end":{"line":769,"column":78}},"248":{"start":{"line":769,"column":48},"end":{"line":769,"column":78}},"249":{"start":{"line":772,"column":8},"end":{"line":772,"column":56}},"250":{"start":{"line":780,"column":8},"end":{"line":780,"column":78}},"251":{"start":{"line":780,"column":48},"end":{"line":780,"column":78}},"252":{"start":{"line":783,"column":8},"end":{"line":783,"column":56}},"253":{"start":{"line":792,"column":8},"end":{"line":792,"column":55}},"254":{"start":{"line":792,"column":48},"end":{"line":792,"column":55}},"255":{"start":{"line":794,"column":8},"end":{"line":794,"column":60}},"256":{"start":{"line":803,"column":8},"end":{"line":803,"column":55}},"257":{"start":{"line":803,"column":48},"end":{"line":803,"column":55}},"258":{"start":{"line":805,"column":8},"end":{"line":805,"column":48}},"259":{"start":{"line":817,"column":8},"end":{"line":817,"column":55}},"260":{"start":{"line":817,"column":48},"end":{"line":817,"column":55}},"261":{"start":{"line":819,"column":8},"end":{"line":819,"column":60}},"262":{"start":{"line":827,"column":8},"end":{"line":827,"column":55}},"263":{"start":{"line":827,"column":48},"end":{"line":827,"column":55}},"264":{"start":{"line":828,"column":8},"end":{"line":828,"column":37}}},"fnMap":{"0":{"name":"(anonymous_0)","decl":{"start":{"line":46,"column":4},"end":{"line":46,"column":5}},"loc":{"start":{"line":46,"column":41},"end":{"line":49,"column":5}},"line":46},"1":{"name":"(anonymous_1)","decl":{"start":{"line":58,"column":4},"end":{"line":58,"column":5}},"loc":{"start":{"line":58,"column":97},"end":{"line":63,"column":5}},"line":58},"2":{"name":"(anonymous_2)","decl":{"start":{"line":69,"column":4},"end":{"line":69,"column":5}},"loc":{"start":{"line":69,"column":44},"end":{"line":73,"column":5}},"line":69},"3":{"name":"(anonymous_3)","decl":{"start":{"line":80,"column":4},"end":{"line":80,"column":5}},"loc":{"start":{"line":80,"column":101},"end":{"line":85,"column":5}},"line":80},"4":{"name":"(anonymous_4)","decl":{"start":{"line":91,"column":4},"end":{"line":91,"column":5}},"loc":{"start":{"line":91,"column":46},"end":{"line":95,"column":5}},"line":91},"5":{"name":"(anonymous_5)","decl":{"start":{"line":102,"column":4},"end":{"line":102,"column":5}},"loc":{"start":{"line":102,"column":111},"end":{"line":107,"column":5}},"line":102},"6":{"name":"(anonymous_6)","decl":{"start":{"line":113,"column":4},"end":{"line":113,"column":5}},"loc":{"start":{"line":113,"column":51},"end":{"line":117,"column":5}},"line":113},"7":{"name":"(anonymous_7)","decl":{"start":{"line":124,"column":4},"end":{"line":124,"column":5}},"loc":{"start":{"line":124,"column":107},"end":{"line":129,"column":5}},"line":124},"8":{"name":"(anonymous_8)","decl":{"start":{"line":135,"column":4},"end":{"line":135,"column":5}},"loc":{"start":{"line":135,"column":49},"end":{"line":139,"column":5}},"line":135},"9":{"name":"(anonymous_9)","decl":{"start":{"line":150,"column":4},"end":{"line":150,"column":5}},"loc":{"start":{"line":150,"column":113},"end":{"line":155,"column":5}},"line":150},"10":{"name":"(anonymous_10)","decl":{"start":{"line":162,"column":4},"end":{"line":162,"column":5}},"loc":{"start":{"line":162,"column":91},"end":{"line":168,"column":5}},"line":162},"11":{"name":"(anonymous_11)","decl":{"start":{"line":183,"column":4},"end":{"line":183,"column":5}},"loc":{"start":{"line":183,"column":170},"end":{"line":203,"column":5}},"line":183},"12":{"name":"(anonymous_12)","decl":{"start":{"line":199,"column":22},"end":{"line":199,"column":23}},"loc":{"start":{"line":199,"column":32},"end":{"line":199,"column":34}},"line":199},"13":{"name":"(anonymous_13)","decl":{"start":{"line":214,"column":4},"end":{"line":214,"column":5}},"loc":{"start":{"line":214,"column":91},"end":{"line":223,"column":5}},"line":214},"14":{"name":"(anonymous_14)","decl":{"start":{"line":230,"column":4},"end":{"line":230,"column":5}},"loc":{"start":{"line":230,"column":47},"end":{"line":234,"column":5}},"line":230},"15":{"name":"(anonymous_15)","decl":{"start":{"line":241,"column":4},"end":{"line":241,"column":5}},"loc":{"start":{"line":241,"column":79},"end":{"line":249,"column":5}},"line":241},"16":{"name":"(anonymous_16)","decl":{"start":{"line":257,"column":4},"end":{"line":257,"column":5}},"loc":{"start":{"line":257,"column":48},"end":{"line":261,"column":5}},"line":257},"17":{"name":"(anonymous_17)","decl":{"start":{"line":268,"column":4},"end":{"line":268,"column":5}},"loc":{"start":{"line":268,"column":52},"end":{"line":272,"column":5}},"line":268},"18":{"name":"(anonymous_18)","decl":{"start":{"line":278,"column":4},"end":{"line":278,"column":5}},"loc":{"start":{"line":278,"column":34},"end":{"line":283,"column":5}},"line":278},"19":{"name":"(anonymous_19)","decl":{"start":{"line":292,"column":4},"end":{"line":292,"column":5}},"loc":{"start":{"line":292,"column":63},"end":{"line":302,"column":5}},"line":292},"20":{"name":"(anonymous_20)","decl":{"start":{"line":311,"column":5},"end":{"line":311,"column":6}},"loc":{"start":{"line":311,"column":126},"end":{"line":322,"column":5}},"line":311},"21":{"name":"(anonymous_21)","decl":{"start":{"line":315,"column":24},"end":{"line":315,"column":25}},"loc":{"start":{"line":315,"column":34},"end":{"line":315,"column":36}},"line":315},"22":{"name":"(anonymous_22)","decl":{"start":{"line":319,"column":24},"end":{"line":319,"column":25}},"loc":{"start":{"line":319,"column":34},"end":{"line":319,"column":36}},"line":319},"23":{"name":"(anonymous_23)","decl":{"start":{"line":332,"column":4},"end":{"line":332,"column":5}},"loc":{"start":{"line":332,"column":53},"end":{"line":340,"column":5}},"line":332},"24":{"name":"(anonymous_24)","decl":{"start":{"line":347,"column":4},"end":{"line":347,"column":5}},"loc":{"start":{"line":347,"column":59},"end":{"line":356,"column":5}},"line":347},"25":{"name":"(anonymous_25)","decl":{"start":{"line":363,"column":4},"end":{"line":363,"column":5}},"loc":{"start":{"line":363,"column":84},"end":{"line":366,"column":5}},"line":363},"26":{"name":"(anonymous_26)","decl":{"start":{"line":373,"column":4},"end":{"line":373,"column":5}},"loc":{"start":{"line":373,"column":40},"end":{"line":379,"column":5}},"line":373},"27":{"name":"(anonymous_27)","decl":{"start":{"line":385,"column":4},"end":{"line":385,"column":5}},"loc":{"start":{"line":385,"column":44},"end":{"line":393,"column":5}},"line":385},"28":{"name":"(anonymous_28)","decl":{"start":{"line":404,"column":4},"end":{"line":404,"column":5}},"loc":{"start":{"line":404,"column":92},"end":{"line":415,"column":5}},"line":404},"29":{"name":"(anonymous_29)","decl":{"start":{"line":412,"column":22},"end":{"line":412,"column":23}},"loc":{"start":{"line":412,"column":32},"end":{"line":412,"column":34}},"line":412},"30":{"name":"(anonymous_30)","decl":{"start":{"line":421,"column":4},"end":{"line":421,"column":5}},"loc":{"start":{"line":421,"column":49},"end":{"line":429,"column":5}},"line":421},"31":{"name":"(anonymous_31)","decl":{"start":{"line":426,"column":22},"end":{"line":426,"column":23}},"loc":{"start":{"line":426,"column":32},"end":{"line":426,"column":34}},"line":426},"32":{"name":"(anonymous_32)","decl":{"start":{"line":440,"column":4},"end":{"line":440,"column":5}},"loc":{"start":{"line":440,"column":98},"end":{"line":451,"column":5}},"line":440},"33":{"name":"(anonymous_33)","decl":{"start":{"line":448,"column":22},"end":{"line":448,"column":23}},"loc":{"start":{"line":448,"column":32},"end":{"line":448,"column":34}},"line":448},"34":{"name":"(anonymous_34)","decl":{"start":{"line":457,"column":4},"end":{"line":457,"column":5}},"loc":{"start":{"line":457,"column":53},"end":{"line":465,"column":5}},"line":457},"35":{"name":"(anonymous_35)","decl":{"start":{"line":462,"column":22},"end":{"line":462,"column":23}},"loc":{"start":{"line":462,"column":32},"end":{"line":462,"column":34}},"line":462},"36":{"name":"(anonymous_36)","decl":{"start":{"line":476,"column":4},"end":{"line":476,"column":5}},"loc":{"start":{"line":476,"column":146},"end":{"line":486,"column":5}},"line":476},"37":{"name":"(anonymous_37)","decl":{"start":{"line":480,"column":24},"end":{"line":480,"column":25}},"loc":{"start":{"line":480,"column":34},"end":{"line":480,"column":36}},"line":480},"38":{"name":"(anonymous_38)","decl":{"start":{"line":483,"column":24},"end":{"line":483,"column":25}},"loc":{"start":{"line":483,"column":34},"end":{"line":483,"column":36}},"line":483},"39":{"name":"(anonymous_39)","decl":{"start":{"line":492,"column":4},"end":{"line":492,"column":5}},"loc":{"start":{"line":492,"column":47},"end":{"line":500,"column":5}},"line":492},"40":{"name":"(anonymous_40)","decl":{"start":{"line":508,"column":4},"end":{"line":508,"column":5}},"loc":{"start":{"line":508,"column":48},"end":{"line":516,"column":5}},"line":508},"41":{"name":"(anonymous_41)","decl":{"start":{"line":524,"column":4},"end":{"line":524,"column":5}},"loc":{"start":{"line":524,"column":56},"end":{"line":532,"column":5}},"line":524},"42":{"name":"(anonymous_42)","decl":{"start":{"line":539,"column":4},"end":{"line":539,"column":5}},"loc":{"start":{"line":539,"column":56},"end":{"line":547,"column":5}},"line":539},"43":{"name":"(anonymous_43)","decl":{"start":{"line":558,"column":4},"end":{"line":558,"column":5}},"loc":{"start":{"line":558,"column":146},"end":{"line":572,"column":5}},"line":558},"44":{"name":"(anonymous_44)","decl":{"start":{"line":568,"column":22},"end":{"line":568,"column":23}},"loc":{"start":{"line":568,"column":32},"end":{"line":568,"column":34}},"line":568},"45":{"name":"(anonymous_45)","decl":{"start":{"line":579,"column":4},"end":{"line":579,"column":5}},"loc":{"start":{"line":579,"column":75},"end":{"line":587,"column":5}},"line":579},"46":{"name":"(anonymous_46)","decl":{"start":{"line":584,"column":22},"end":{"line":584,"column":23}},"loc":{"start":{"line":584,"column":32},"end":{"line":584,"column":34}},"line":584},"47":{"name":"(anonymous_47)","decl":{"start":{"line":596,"column":4},"end":{"line":596,"column":5}},"loc":{"start":{"line":596,"column":92},"end":{"line":602,"column":5}},"line":596},"48":{"name":"(anonymous_48)","decl":{"start":{"line":609,"column":4},"end":{"line":609,"column":5}},"loc":{"start":{"line":609,"column":100},"end":{"line":630,"column":5}},"line":609},"49":{"name":"(anonymous_49)","decl":{"start":{"line":638,"column":4},"end":{"line":638,"column":5}},"loc":{"start":{"line":638,"column":75},"end":{"line":649,"column":5}},"line":638},"50":{"name":"(anonymous_50)","decl":{"start":{"line":656,"column":4},"end":{"line":656,"column":5}},"loc":{"start":{"line":656,"column":85},"end":{"line":666,"column":5}},"line":656},"51":{"name":"(anonymous_51)","decl":{"start":{"line":673,"column":4},"end":{"line":673,"column":5}},"loc":{"start":{"line":673,"column":55},"end":{"line":677,"column":5}},"line":673},"52":{"name":"(anonymous_52)","decl":{"start":{"line":684,"column":4},"end":{"line":684,"column":5}},"loc":{"start":{"line":684,"column":50},"end":{"line":687,"column":5}},"line":684},"53":{"name":"(anonymous_53)","decl":{"start":{"line":694,"column":4},"end":{"line":694,"column":5}},"loc":{"start":{"line":694,"column":89},"end":{"line":698,"column":5}},"line":694},"54":{"name":"(anonymous_54)","decl":{"start":{"line":705,"column":4},"end":{"line":705,"column":5}},"loc":{"start":{"line":705,"column":52},"end":{"line":708,"column":5}},"line":705},"55":{"name":"(anonymous_55)","decl":{"start":{"line":718,"column":4},"end":{"line":718,"column":5}},"loc":{"start":{"line":718,"column":84},"end":{"line":726,"column":5}},"line":718},"56":{"name":"(anonymous_56)","decl":{"start":{"line":722,"column":22},"end":{"line":722,"column":23}},"loc":{"start":{"line":722,"column":32},"end":{"line":722,"column":34}},"line":722},"57":{"name":"(anonymous_57)","decl":{"start":{"line":734,"column":4},"end":{"line":734,"column":5}},"loc":{"start":{"line":734,"column":90},"end":{"line":742,"column":5}},"line":734},"58":{"name":"(anonymous_58)","decl":{"start":{"line":738,"column":22},"end":{"line":738,"column":23}},"loc":{"start":{"line":738,"column":32},"end":{"line":738,"column":34}},"line":738},"59":{"name":"(anonymous_59)","decl":{"start":{"line":752,"column":4},"end":{"line":752,"column":5}},"loc":{"start":{"line":752,"column":117},"end":{"line":760,"column":5}},"line":752},"60":{"name":"(anonymous_60)","decl":{"start":{"line":756,"column":22},"end":{"line":756,"column":23}},"loc":{"start":{"line":756,"column":32},"end":{"line":756,"column":34}},"line":756},"61":{"name":"(anonymous_61)","decl":{"start":{"line":768,"column":4},"end":{"line":768,"column":5}},"loc":{"start":{"line":768,"column":58},"end":{"line":773,"column":5}},"line":768},"62":{"name":"(anonymous_62)","decl":{"start":{"line":779,"column":4},"end":{"line":779,"column":5}},"loc":{"start":{"line":779,"column":58},"end":{"line":784,"column":5}},"line":779},"63":{"name":"(anonymous_63)","decl":{"start":{"line":791,"column":4},"end":{"line":791,"column":5}},"loc":{"start":{"line":791,"column":66},"end":{"line":795,"column":5}},"line":791},"64":{"name":"(anonymous_64)","decl":{"start":{"line":802,"column":4},"end":{"line":802,"column":5}},"loc":{"start":{"line":802,"column":54},"end":{"line":806,"column":5}},"line":802},"65":{"name":"(anonymous_65)","decl":{"start":{"line":816,"column":4},"end":{"line":816,"column":5}},"loc":{"start":{"line":816,"column":77},"end":{"line":820,"column":5}},"line":816},"66":{"name":"(anonymous_66)","decl":{"start":{"line":826,"column":4},"end":{"line":826,"column":5}},"loc":{"start":{"line":826,"column":33},"end":{"line":829,"column":5}},"line":826}},"branchMap":{"0":{"loc":{"start":{"line":47,"column":8},"end":{"line":47,"column":55}},"type":"if","locations":[{"start":{"line":47,"column":8},"end":{"line":47,"column":55}},{"start":{},"end":{}}],"line":47},"1":{"loc":{"start":{"line":59,"column":8},"end":{"line":59,"column":55}},"type":"if","locations":[{"start":{"line":59,"column":8},"end":{"line":59,"column":55}},{"start":{},"end":{}}],"line":59},"2":{"loc":{"start":{"line":70,"column":8},"end":{"line":70,"column":55}},"type":"if","locations":[{"start":{"line":70,"column":8},"end":{"line":70,"column":55}},{"start":{},"end":{}}],"line":70},"3":{"loc":{"start":{"line":81,"column":8},"end":{"line":81,"column":55}},"type":"if","locations":[{"start":{"line":81,"column":8},"end":{"line":81,"column":55}},{"start":{},"end":{}}],"line":81},"4":{"loc":{"start":{"line":92,"column":8},"end":{"line":92,"column":55}},"type":"if","locations":[{"start":{"line":92,"column":8},"end":{"line":92,"column":55}},{"start":{},"end":{}}],"line":92},"5":{"loc":{"start":{"line":103,"column":8},"end":{"line":103,"column":55}},"type":"if","locations":[{"start":{"line":103,"column":8},"end":{"line":103,"column":55}},{"start":{},"end":{}}],"line":103},"6":{"loc":{"start":{"line":114,"column":8},"end":{"line":114,"column":55}},"type":"if","locations":[{"start":{"line":114,"column":8},"end":{"line":114,"column":55}},{"start":{},"end":{}}],"line":114},"7":{"loc":{"start":{"line":125,"column":8},"end":{"line":125,"column":55}},"type":"if","locations":[{"start":{"line":125,"column":8},"end":{"line":125,"column":55}},{"start":{},"end":{}}],"line":125},"8":{"loc":{"start":{"line":136,"column":8},"end":{"line":136,"column":55}},"type":"if","locations":[{"start":{"line":136,"column":8},"end":{"line":136,"column":55}},{"start":{},"end":{}}],"line":136},"9":{"loc":{"start":{"line":151,"column":8},"end":{"line":151,"column":55}},"type":"if","locations":[{"start":{"line":151,"column":8},"end":{"line":151,"column":55}},{"start":{},"end":{}}],"line":151},"10":{"loc":{"start":{"line":163,"column":8},"end":{"line":163,"column":55}},"type":"if","locations":[{"start":{"line":163,"column":8},"end":{"line":163,"column":55}},{"start":{},"end":{}}],"line":163},"11":{"loc":{"start":{"line":184,"column":8},"end":{"line":184,"column":55}},"type":"if","locations":[{"start":{"line":184,"column":8},"end":{"line":184,"column":55}},{"start":{},"end":{}}],"line":184},"12":{"loc":{"start":{"line":188,"column":8},"end":{"line":195,"column":9}},"type":"if","locations":[{"start":{"line":188,"column":8},"end":{"line":195,"column":9}},{"start":{"line":192,"column":13},"end":{"line":195,"column":9}}],"line":188},"13":{"loc":{"start":{"line":192,"column":13},"end":{"line":195,"column":9}},"type":"if","locations":[{"start":{"line":192,"column":13},"end":{"line":195,"column":9}},{"start":{},"end":{}}],"line":192},"14":{"loc":{"start":{"line":198,"column":8},"end":{"line":200,"column":9}},"type":"if","locations":[{"start":{"line":198,"column":8},"end":{"line":200,"column":9}},{"start":{},"end":{}}],"line":198},"15":{"loc":{"start":{"line":198,"column":12},"end":{"line":198,"column":45}},"type":"binary-expr","locations":[{"start":{"line":198,"column":12},"end":{"line":198,"column":20}},{"start":{"line":198,"column":24},"end":{"line":198,"column":45}}],"line":198},"16":{"loc":{"start":{"line":215,"column":8},"end":{"line":215,"column":55}},"type":"if","locations":[{"start":{"line":215,"column":8},"end":{"line":215,"column":55}},{"start":{},"end":{}}],"line":215},"17":{"loc":{"start":{"line":217,"column":8},"end":{"line":222,"column":9}},"type":"if","locations":[{"start":{"line":217,"column":8},"end":{"line":222,"column":9}},{"start":{"line":220,"column":15},"end":{"line":222,"column":9}}],"line":217},"18":{"loc":{"start":{"line":231,"column":8},"end":{"line":231,"column":55}},"type":"if","locations":[{"start":{"line":231,"column":8},"end":{"line":231,"column":55}},{"start":{},"end":{}}],"line":231},"19":{"loc":{"start":{"line":242,"column":8},"end":{"line":242,"column":55}},"type":"if","locations":[{"start":{"line":242,"column":8},"end":{"line":242,"column":55}},{"start":{},"end":{}}],"line":242},"20":{"loc":{"start":{"line":244,"column":8},"end":{"line":248,"column":9}},"type":"if","locations":[{"start":{"line":244,"column":8},"end":{"line":248,"column":9}},{"start":{"line":246,"column":15},"end":{"line":248,"column":9}}],"line":244},"21":{"loc":{"start":{"line":259,"column":8},"end":{"line":259,"column":78}},"type":"if","locations":[{"start":{"line":259,"column":8},"end":{"line":259,"column":78}},{"start":{},"end":{}}],"line":259},"22":{"loc":{"start":{"line":269,"column":8},"end":{"line":269,"column":55}},"type":"if","locations":[{"start":{"line":269,"column":8},"end":{"line":269,"column":55}},{"start":{},"end":{}}],"line":269},"23":{"loc":{"start":{"line":279,"column":8},"end":{"line":279,"column":55}},"type":"if","locations":[{"start":{"line":279,"column":8},"end":{"line":279,"column":55}},{"start":{},"end":{}}],"line":279},"24":{"loc":{"start":{"line":293,"column":8},"end":{"line":293,"column":77}},"type":"if","locations":[{"start":{"line":293,"column":8},"end":{"line":293,"column":77}},{"start":{},"end":{}}],"line":293},"25":{"loc":{"start":{"line":296,"column":8},"end":{"line":299,"column":9}},"type":"if","locations":[{"start":{"line":296,"column":8},"end":{"line":299,"column":9}},{"start":{},"end":{}}],"line":296},"26":{"loc":{"start":{"line":312,"column":8},"end":{"line":312,"column":55}},"type":"if","locations":[{"start":{"line":312,"column":8},"end":{"line":312,"column":55}},{"start":{},"end":{}}],"line":312},"27":{"loc":{"start":{"line":314,"column":8},"end":{"line":316,"column":9}},"type":"if","locations":[{"start":{"line":314,"column":8},"end":{"line":316,"column":9}},{"start":{},"end":{}}],"line":314},"28":{"loc":{"start":{"line":318,"column":8},"end":{"line":320,"column":9}},"type":"if","locations":[{"start":{"line":318,"column":8},"end":{"line":320,"column":9}},{"start":{},"end":{}}],"line":318},"29":{"loc":{"start":{"line":333,"column":8},"end":{"line":333,"column":55}},"type":"if","locations":[{"start":{"line":333,"column":8},"end":{"line":333,"column":55}},{"start":{},"end":{}}],"line":333},"30":{"loc":{"start":{"line":335,"column":8},"end":{"line":337,"column":9}},"type":"if","locations":[{"start":{"line":335,"column":8},"end":{"line":337,"column":9}},{"start":{},"end":{}}],"line":335},"31":{"loc":{"start":{"line":335,"column":12},"end":{"line":335,"column":44}},"type":"binary-expr","locations":[{"start":{"line":335,"column":12},"end":{"line":335,"column":16}},{"start":{"line":335,"column":21},"end":{"line":335,"column":27}},{"start":{"line":335,"column":31},"end":{"line":335,"column":43}}],"line":335},"32":{"loc":{"start":{"line":348,"column":8},"end":{"line":348,"column":55}},"type":"if","locations":[{"start":{"line":348,"column":8},"end":{"line":348,"column":55}},{"start":{},"end":{}}],"line":348},"33":{"loc":{"start":{"line":351,"column":8},"end":{"line":353,"column":9}},"type":"if","locations":[{"start":{"line":351,"column":8},"end":{"line":353,"column":9}},{"start":{},"end":{}}],"line":351},"34":{"loc":{"start":{"line":355,"column":29},"end":{"line":355,"column":39}},"type":"binary-expr","locations":[{"start":{"line":355,"column":29},"end":{"line":355,"column":33}},{"start":{"line":355,"column":37},"end":{"line":355,"column":39}}],"line":355},"35":{"loc":{"start":{"line":364,"column":8},"end":{"line":364,"column":55}},"type":"if","locations":[{"start":{"line":364,"column":8},"end":{"line":364,"column":55}},{"start":{},"end":{}}],"line":364},"36":{"loc":{"start":{"line":374,"column":8},"end":{"line":374,"column":55}},"type":"if","locations":[{"start":{"line":374,"column":8},"end":{"line":374,"column":55}},{"start":{},"end":{}}],"line":374},"37":{"loc":{"start":{"line":375,"column":8},"end":{"line":377,"column":9}},"type":"if","locations":[{"start":{"line":375,"column":8},"end":{"line":377,"column":9}},{"start":{},"end":{}}],"line":375},"38":{"loc":{"start":{"line":386,"column":8},"end":{"line":386,"column":55}},"type":"if","locations":[{"start":{"line":386,"column":8},"end":{"line":386,"column":55}},{"start":{},"end":{}}],"line":386},"39":{"loc":{"start":{"line":388,"column":8},"end":{"line":390,"column":9}},"type":"if","locations":[{"start":{"line":388,"column":8},"end":{"line":390,"column":9}},{"start":{},"end":{}}],"line":388},"40":{"loc":{"start":{"line":405,"column":8},"end":{"line":405,"column":55}},"type":"if","locations":[{"start":{"line":405,"column":8},"end":{"line":405,"column":55}},{"start":{},"end":{}}],"line":405},"41":{"loc":{"start":{"line":407,"column":8},"end":{"line":408,"column":33}},"type":"if","locations":[{"start":{"line":407,"column":8},"end":{"line":408,"column":33}},{"start":{},"end":{}}],"line":407},"42":{"loc":{"start":{"line":411,"column":8},"end":{"line":412,"column":35}},"type":"if","locations":[{"start":{"line":411,"column":8},"end":{"line":412,"column":35}},{"start":{},"end":{}}],"line":411},"43":{"loc":{"start":{"line":411,"column":12},"end":{"line":411,"column":45}},"type":"binary-expr","locations":[{"start":{"line":411,"column":12},"end":{"line":411,"column":20}},{"start":{"line":411,"column":24},"end":{"line":411,"column":45}}],"line":411},"44":{"loc":{"start":{"line":422,"column":8},"end":{"line":422,"column":55}},"type":"if","locations":[{"start":{"line":422,"column":8},"end":{"line":422,"column":55}},{"start":{},"end":{}}],"line":422},"45":{"loc":{"start":{"line":425,"column":8},"end":{"line":426,"column":35}},"type":"if","locations":[{"start":{"line":425,"column":8},"end":{"line":426,"column":35}},{"start":{},"end":{}}],"line":425},"46":{"loc":{"start":{"line":425,"column":12},"end":{"line":425,"column":45}},"type":"binary-expr","locations":[{"start":{"line":425,"column":12},"end":{"line":425,"column":20}},{"start":{"line":425,"column":24},"end":{"line":425,"column":45}}],"line":425},"47":{"loc":{"start":{"line":441,"column":8},"end":{"line":441,"column":55}},"type":"if","locations":[{"start":{"line":441,"column":8},"end":{"line":441,"column":55}},{"start":{},"end":{}}],"line":441},"48":{"loc":{"start":{"line":443,"column":8},"end":{"line":444,"column":31}},"type":"if","locations":[{"start":{"line":443,"column":8},"end":{"line":444,"column":31}},{"start":{},"end":{}}],"line":443},"49":{"loc":{"start":{"line":447,"column":8},"end":{"line":448,"column":35}},"type":"if","locations":[{"start":{"line":447,"column":8},"end":{"line":448,"column":35}},{"start":{},"end":{}}],"line":447},"50":{"loc":{"start":{"line":447,"column":12},"end":{"line":447,"column":45}},"type":"binary-expr","locations":[{"start":{"line":447,"column":12},"end":{"line":447,"column":20}},{"start":{"line":447,"column":24},"end":{"line":447,"column":45}}],"line":447},"51":{"loc":{"start":{"line":458,"column":8},"end":{"line":458,"column":55}},"type":"if","locations":[{"start":{"line":458,"column":8},"end":{"line":458,"column":55}},{"start":{},"end":{}}],"line":458},"52":{"loc":{"start":{"line":461,"column":8},"end":{"line":462,"column":35}},"type":"if","locations":[{"start":{"line":461,"column":8},"end":{"line":462,"column":35}},{"start":{},"end":{}}],"line":461},"53":{"loc":{"start":{"line":461,"column":12},"end":{"line":461,"column":45}},"type":"binary-expr","locations":[{"start":{"line":461,"column":12},"end":{"line":461,"column":20}},{"start":{"line":461,"column":24},"end":{"line":461,"column":45}}],"line":461},"54":{"loc":{"start":{"line":477,"column":8},"end":{"line":477,"column":55}},"type":"if","locations":[{"start":{"line":477,"column":8},"end":{"line":477,"column":55}},{"start":{},"end":{}}],"line":477},"55":{"loc":{"start":{"line":479,"column":8},"end":{"line":480,"column":37}},"type":"if","locations":[{"start":{"line":479,"column":8},"end":{"line":480,"column":37}},{"start":{},"end":{}}],"line":479},"56":{"loc":{"start":{"line":482,"column":8},"end":{"line":483,"column":37}},"type":"if","locations":[{"start":{"line":482,"column":8},"end":{"line":483,"column":37}},{"start":{},"end":{}}],"line":482},"57":{"loc":{"start":{"line":493,"column":8},"end":{"line":493,"column":55}},"type":"if","locations":[{"start":{"line":493,"column":8},"end":{"line":493,"column":55}},{"start":{},"end":{}}],"line":493},"58":{"loc":{"start":{"line":495,"column":8},"end":{"line":499,"column":9}},"type":"if","locations":[{"start":{"line":495,"column":8},"end":{"line":499,"column":9}},{"start":{"line":497,"column":15},"end":{"line":499,"column":9}}],"line":495},"59":{"loc":{"start":{"line":509,"column":8},"end":{"line":509,"column":55}},"type":"if","locations":[{"start":{"line":509,"column":8},"end":{"line":509,"column":55}},{"start":{},"end":{}}],"line":509},"60":{"loc":{"start":{"line":511,"column":8},"end":{"line":515,"column":9}},"type":"if","locations":[{"start":{"line":511,"column":8},"end":{"line":515,"column":9}},{"start":{"line":513,"column":15},"end":{"line":515,"column":9}}],"line":511},"61":{"loc":{"start":{"line":525,"column":8},"end":{"line":525,"column":55}},"type":"if","locations":[{"start":{"line":525,"column":8},"end":{"line":525,"column":55}},{"start":{},"end":{}}],"line":525},"62":{"loc":{"start":{"line":527,"column":8},"end":{"line":531,"column":9}},"type":"if","locations":[{"start":{"line":527,"column":8},"end":{"line":531,"column":9}},{"start":{"line":529,"column":15},"end":{"line":531,"column":9}}],"line":527},"63":{"loc":{"start":{"line":540,"column":6},"end":{"line":540,"column":53}},"type":"if","locations":[{"start":{"line":540,"column":6},"end":{"line":540,"column":53}},{"start":{},"end":{}}],"line":540},"64":{"loc":{"start":{"line":542,"column":6},"end":{"line":546,"column":7}},"type":"if","locations":[{"start":{"line":542,"column":6},"end":{"line":546,"column":7}},{"start":{"line":544,"column":13},"end":{"line":546,"column":7}}],"line":542},"65":{"loc":{"start":{"line":560,"column":8},"end":{"line":560,"column":55}},"type":"if","locations":[{"start":{"line":560,"column":8},"end":{"line":560,"column":55}},{"start":{},"end":{}}],"line":560},"66":{"loc":{"start":{"line":562,"column":8},"end":{"line":565,"column":9}},"type":"if","locations":[{"start":{"line":562,"column":8},"end":{"line":565,"column":9}},{"start":{},"end":{}}],"line":562},"67":{"loc":{"start":{"line":567,"column":8},"end":{"line":569,"column":9}},"type":"if","locations":[{"start":{"line":567,"column":8},"end":{"line":569,"column":9}},{"start":{},"end":{}}],"line":567},"68":{"loc":{"start":{"line":567,"column":12},"end":{"line":567,"column":45}},"type":"binary-expr","locations":[{"start":{"line":567,"column":12},"end":{"line":567,"column":20}},{"start":{"line":567,"column":24},"end":{"line":567,"column":45}}],"line":567},"69":{"loc":{"start":{"line":580,"column":8},"end":{"line":580,"column":55}},"type":"if","locations":[{"start":{"line":580,"column":8},"end":{"line":580,"column":55}},{"start":{},"end":{}}],"line":580},"70":{"loc":{"start":{"line":583,"column":8},"end":{"line":584,"column":35}},"type":"if","locations":[{"start":{"line":583,"column":8},"end":{"line":584,"column":35}},{"start":{},"end":{}}],"line":583},"71":{"loc":{"start":{"line":583,"column":12},"end":{"line":583,"column":58}},"type":"binary-expr","locations":[{"start":{"line":583,"column":12},"end":{"line":583,"column":33}},{"start":{"line":583,"column":37},"end":{"line":583,"column":58}}],"line":583},"72":{"loc":{"start":{"line":597,"column":8},"end":{"line":597,"column":55}},"type":"if","locations":[{"start":{"line":597,"column":8},"end":{"line":597,"column":55}},{"start":{},"end":{}}],"line":597},"73":{"loc":{"start":{"line":610,"column":8},"end":{"line":610,"column":55}},"type":"if","locations":[{"start":{"line":610,"column":8},"end":{"line":610,"column":55}},{"start":{},"end":{}}],"line":610},"74":{"loc":{"start":{"line":612,"column":8},"end":{"line":615,"column":9}},"type":"if","locations":[{"start":{"line":612,"column":8},"end":{"line":615,"column":9}},{"start":{},"end":{}}],"line":612},"75":{"loc":{"start":{"line":616,"column":8},"end":{"line":619,"column":9}},"type":"if","locations":[{"start":{"line":616,"column":8},"end":{"line":619,"column":9}},{"start":{},"end":{}}],"line":616},"76":{"loc":{"start":{"line":620,"column":8},"end":{"line":623,"column":9}},"type":"if","locations":[{"start":{"line":620,"column":8},"end":{"line":623,"column":9}},{"start":{},"end":{}}],"line":620},"77":{"loc":{"start":{"line":624,"column":8},"end":{"line":627,"column":9}},"type":"if","locations":[{"start":{"line":624,"column":8},"end":{"line":627,"column":9}},{"start":{},"end":{}}],"line":624},"78":{"loc":{"start":{"line":639,"column":8},"end":{"line":639,"column":55}},"type":"if","locations":[{"start":{"line":639,"column":8},"end":{"line":639,"column":55}},{"start":{},"end":{}}],"line":639},"79":{"loc":{"start":{"line":642,"column":8},"end":{"line":644,"column":9}},"type":"if","locations":[{"start":{"line":642,"column":8},"end":{"line":644,"column":9}},{"start":{},"end":{}}],"line":642},"80":{"loc":{"start":{"line":642,"column":12},"end":{"line":642,"column":33}},"type":"binary-expr","locations":[{"start":{"line":642,"column":12},"end":{"line":642,"column":16}},{"start":{"line":642,"column":20},"end":{"line":642,"column":33}}],"line":642},"81":{"loc":{"start":{"line":657,"column":8},"end":{"line":657,"column":55}},"type":"if","locations":[{"start":{"line":657,"column":8},"end":{"line":657,"column":55}},{"start":{},"end":{}}],"line":657},"82":{"loc":{"start":{"line":661,"column":8},"end":{"line":663,"column":9}},"type":"if","locations":[{"start":{"line":661,"column":8},"end":{"line":663,"column":9}},{"start":{},"end":{}}],"line":661},"83":{"loc":{"start":{"line":674,"column":8},"end":{"line":674,"column":55}},"type":"if","locations":[{"start":{"line":674,"column":8},"end":{"line":674,"column":55}},{"start":{},"end":{}}],"line":674},"84":{"loc":{"start":{"line":685,"column":8},"end":{"line":685,"column":55}},"type":"if","locations":[{"start":{"line":685,"column":8},"end":{"line":685,"column":55}},{"start":{},"end":{}}],"line":685},"85":{"loc":{"start":{"line":696,"column":8},"end":{"line":696,"column":77}},"type":"if","locations":[{"start":{"line":696,"column":8},"end":{"line":696,"column":77}},{"start":{},"end":{}}],"line":696},"86":{"loc":{"start":{"line":706,"column":8},"end":{"line":706,"column":55}},"type":"if","locations":[{"start":{"line":706,"column":8},"end":{"line":706,"column":55}},{"start":{},"end":{}}],"line":706},"87":{"loc":{"start":{"line":719,"column":8},"end":{"line":719,"column":55}},"type":"if","locations":[{"start":{"line":719,"column":8},"end":{"line":719,"column":55}},{"start":{},"end":{}}],"line":719},"88":{"loc":{"start":{"line":721,"column":8},"end":{"line":723,"column":9}},"type":"if","locations":[{"start":{"line":721,"column":8},"end":{"line":723,"column":9}},{"start":{},"end":{}}],"line":721},"89":{"loc":{"start":{"line":735,"column":8},"end":{"line":735,"column":55}},"type":"if","locations":[{"start":{"line":735,"column":8},"end":{"line":735,"column":55}},{"start":{},"end":{}}],"line":735},"90":{"loc":{"start":{"line":737,"column":8},"end":{"line":739,"column":9}},"type":"if","locations":[{"start":{"line":737,"column":8},"end":{"line":739,"column":9}},{"start":{},"end":{}}],"line":737},"91":{"loc":{"start":{"line":753,"column":8},"end":{"line":753,"column":55}},"type":"if","locations":[{"start":{"line":753,"column":8},"end":{"line":753,"column":55}},{"start":{},"end":{}}],"line":753},"92":{"loc":{"start":{"line":755,"column":8},"end":{"line":757,"column":9}},"type":"if","locations":[{"start":{"line":755,"column":8},"end":{"line":757,"column":9}},{"start":{},"end":{}}],"line":755},"93":{"loc":{"start":{"line":769,"column":8},"end":{"line":769,"column":78}},"type":"if","locations":[{"start":{"line":769,"column":8},"end":{"line":769,"column":78}},{"start":{},"end":{}}],"line":769},"94":{"loc":{"start":{"line":780,"column":8},"end":{"line":780,"column":78}},"type":"if","locations":[{"start":{"line":780,"column":8},"end":{"line":780,"column":78}},{"start":{},"end":{}}],"line":780},"95":{"loc":{"start":{"line":792,"column":8},"end":{"line":792,"column":55}},"type":"if","locations":[{"start":{"line":792,"column":8},"end":{"line":792,"column":55}},{"start":{},"end":{}}],"line":792},"96":{"loc":{"start":{"line":803,"column":8},"end":{"line":803,"column":55}},"type":"if","locations":[{"start":{"line":803,"column":8},"end":{"line":803,"column":55}},{"start":{},"end":{}}],"line":803},"97":{"loc":{"start":{"line":817,"column":8},"end":{"line":817,"column":55}},"type":"if","locations":[{"start":{"line":817,"column":8},"end":{"line":817,"column":55}},{"start":{},"end":{}}],"line":817},"98":{"loc":{"start":{"line":827,"column":8},"end":{"line":827,"column":55}},"type":"if","locations":[{"start":{"line":827,"column":8},"end":{"line":827,"column":55}},{"start":{},"end":{}}],"line":827}},"s":{"0":0,"1":0,"2":0,"3":0,"4":0,"5":0,"6":0,"7":0,"8":0,"9":0,"10":0,"11":0,"12":0,"13":0,"14":0,"15":0,"16":0,"17":0,"18":0,"19":0,"20":0,"21":0,"22":0,"23":0,"24":0,"25":0,"26":0,"27":0,"28":0,"29":0,"30":0,"31":0,"32":0,"33":0,"34":0,"35":0,"36":0,"37":0,"38":0,"39":0,"40":0,"41":0,"42":0,"43":0,"44":0,"45":0,"46":0,"47":0,"48":0,"49":0,"50":0,"51":0,"52":0,"53":0,"54":0,"55":0,"56":0,"57":0,"58":0,"59":0,"60":0,"61":0,"62":0,"63":0,"64":0,"65":0,"66":0,"67":0,"68":0,"69":0,"70":0,"71":0,"72":0,"73":0,"74":0,"75":0,"76":0,"77":0,"78":0,"79":0,"80":0,"81":0,"82":0,"83":0,"84":0,"85":0,"86":0,"87":0,"88":0,"89":0,"90":0,"91":0,"92":0,"93":0,"94":0,"95":0,"96":0,"97":0,"98":0,"99":0,"100":0,"101":0,"102":0,"103":0,"104":0,"105":0,"106":0,"107":0,"108":0,"109":0,"110":0,"111":0,"112":0,"113":0,"114":0,"115":0,"116":0,"117":0,"118":0,"119":0,"120":0,"121":0,"122":0,"123":0,"124":0,"125":0,"126":0,"127":0,"128":0,"129":0,"130":0,"131":0,"132":0,"133":0,"134":0,"135":0,"136":0,"137":0,"138":0,"139":0,"140":0,"141":0,"142":0,"143":0,"144":0,"145":0,"146":0,"147":0,"148":0,"149":0,"150":0,"151":0,"152":0,"153":0,"154":0,"155":0,"156":0,"157":0,"158":0,"159":0,"160":0,"161":0,"162":0,"163":0,"164":0,"165":0,"166":0,"167":0,"168":0,"169":0,"170":0,"171":0,"172":0,"173":0,"174":0,"175":0,"176":0,"177":0,"178":0,"179":0,"180":0,"181":0,"182":0,"183":0,"184":0,"185":0,"186":0,"187":0,"188":0,"189":0,"190":0,"191":0,"192":0,"193":0,"194":0,"195":0,"196":0,"197":0,"198":0,"199":0,"200":0,"201":0,"202":0,"203":0,"204":0,"205":0,"206":0,"207":0,"208":0,"209":0,"210":0,"211":0,"212":0,"213":0,"214":0,"215":0,"216":0,"217":0,"218":0,"219":0,"220":0,"221":0,"222":0,"223":0,"224":0,"225":0,"226":0,"227":0,"228":0,"229":0,"230":0,"231":0,"232":0,"233":0,"234":0,"235":0,"236":0,"237":0,"238":0,"239":0,"240":0,"241":0,"242":0,"243":0,"244":0,"245":0,"246":0,"247":0,"248":0,"249":0,"250":0,"251":0,"252":0,"253":0,"254":0,"255":0,"256":0,"257":0,"258":0,"259":0,"260":0,"261":0,"262":0,"263":0,"264":0},"f":{"0":0,"1":0,"2":0,"3":0,"4":0,"5":0,"6":0,"7":0,"8":0,"9":0,"10":0,"11":0,"12":0,"13":0,"14":0,"15":0,"16":0,"17":0,"18":0,"19":0,"20":0,"21":0,"22":0,"23":0,"24":0,"25":0,"26":0,"27":0,"28":0,"29":0,"30":0,"31":0,"32":0,"33":0,"34":0,"35":0,"36":0,"37":0,"38":0,"39":0,"40":0,"41":0,"42":0,"43":0,"44":0,"45":0,"46":0,"47":0,"48":0,"49":0,"50":0,"51":0,"52":0,"53":0,"54":0,"55":0,"56":0,"57":0,"58":0,"59":0,"60":0,"61":0,"62":0,"63":0,"64":0,"65":0,"66":0},"b":{"0":[0,0],"1":[0,0],"2":[0,0],"3":[0,0],"4":[0,0],"5":[0,0],"6":[0,0],"7":[0,0],"8":[0,0],"9":[0,0],"10":[0,0],"11":[0,0],"12":[0,0],"13":[0,0],"14":[0,0],"15":[0,0],"16":[0,0],"17":[0,0],"18":[0,0],"19":[0,0],"20":[0,0],"21":[0,0],"22":[0,0],"23":[0,0],"24":[0,0],"25":[0,0],"26":[0,0],"27":[0,0],"28":[0,0],"29":[0,0],"30":[0,0],"31":[0,0,0],"32":[0,0],"33":[0,0],"34":[0,0],"35":[0,0],"36":[0,0],"37":[0,0],"38":[0,0],"39":[0,0],"40":[0,0],"41":[0,0],"42":[0,0],"43":[0,0],"44":[0,0],"45":[0,0],"46":[0,0],"47":[0,0],"48":[0,0],"49":[0,0],"50":[0,0],"51":[0,0],"52":[0,0],"53":[0,0],"54":[0,0],"55":[0,0],"56":[0,0],"57":[0,0],"58":[0,0],"59":[0,0],"60":[0,0],"61":[0,0],"62":[0,0],"63":[0,0],"64":[0,0],"65":[0,0],"66":[0,0],"67":[0,0],"68":[0,0],"69":[0,0],"70":[0,0],"71":[0,0],"72":[0,0],"73":[0,0],"74":[0,0],"75":[0,0],"76":[0,0],"77":[0,0],"78":[0,0],"79":[0,0],"80":[0,0],"81":[0,0],"82":[0,0],"83":[0,0],"84":[0,0],"85":[0,0],"86":[0,0],"87":[0,0],"88":[0,0],"89":[0,0],"90":[0,0],"91":[0,0],"92":[0,0],"93":[0,0],"94":[0,0],"95":[0,0],"96":[0,0],"97":[0,0],"98":[0,0]}}
,"/Users/henryboswell/Desktop/react-native-onesignal/src/events/EventManager.ts": {"path":"/Users/henryboswell/Desktop/react-native-onesignal/src/events/EventManager.ts","statementMap":{"0":{"start":{"line":20,"column":18},"end":{"line":32,"column":1}},"1":{"start":{"line":42,"column":8},"end":{"line":42,"column":39}},"2":{"start":{"line":43,"column":8},"end":{"line":43,"column":73}},"3":{"start":{"line":44,"column":8},"end":{"line":44,"column":41}},"4":{"start":{"line":45,"column":8},"end":{"line":45,"column":46}},"5":{"start":{"line":46,"column":8},"end":{"line":46,"column":28}},"6":{"start":{"line":47,"column":8},"end":{"line":47,"column":30}},"7":{"start":{"line":52,"column":8},"end":{"line":58,"column":9}},"8":{"start":{"line":54,"column":12},"end":{"line":57,"column":13}},"9":{"start":{"line":54,"column":24},"end":{"line":54,"column":25}},"10":{"start":{"line":55,"column":32},"end":{"line":55,"column":44}},"11":{"start":{"line":56,"column":16},"end":{"line":56,"column":82}},"12":{"start":{"line":63,"column":8},"end":{"line":63,"column":41}},"13":{"start":{"line":64,"column":8},"end":{"line":64,"column":46}},"14":{"start":{"line":75,"column":8},"end":{"line":75,"column":53}},"15":{"start":{"line":85,"column":27},"end":{"line":85,"column":67}},"16":{"start":{"line":86,"column":8},"end":{"line":86,"column":131}},"17":{"start":{"line":95,"column":8},"end":{"line":95,"column":52}},"18":{"start":{"line":100,"column":36},"end":{"line":119,"column":9}},"19":{"start":{"line":101,"column":12},"end":{"line":118,"column":13}},"20":{"start":{"line":103,"column":35},"end":{"line":103,"column":75}},"21":{"start":{"line":104,"column":16},"end":{"line":108,"column":17}},"22":{"start":{"line":105,"column":20},"end":{"line":107,"column":23}},"23":{"start":{"line":106,"column":24},"end":{"line":106,"column":41}},"24":{"start":{"line":111,"column":30},"end":{"line":111,"column":65}},"25":{"start":{"line":112,"column":16},"end":{"line":112,"column":67}},"26":{"start":{"line":115,"column":16},"end":{"line":117,"column":17}},"27":{"start":{"line":116,"column":20},"end":{"line":116,"column":37}},"28":{"start":{"line":121,"column":8},"end":{"line":121,"column":86}},"29":{"start":{"line":125,"column":8},"end":{"line":130,"column":9}},"30":{"start":{"line":127,"column":16},"end":{"line":127,"column":80}},"31":{"start":{"line":129,"column":16},"end":{"line":129,"column":31}}},"fnMap":{"0":{"name":"(anonymous_0)","decl":{"start":{"line":41,"column":4},"end":{"line":41,"column":5}},"loc":{"start":{"line":41,"column":43},"end":{"line":48,"column":5}},"line":41},"1":{"name":"(anonymous_1)","decl":{"start":{"line":50,"column":4},"end":{"line":50,"column":5}},"loc":{"start":{"line":50,"column":27},"end":{"line":59,"column":5}},"line":50},"2":{"name":"(anonymous_2)","decl":{"start":{"line":62,"column":4},"end":{"line":62,"column":5}},"loc":{"start":{"line":62,"column":26},"end":{"line":65,"column":5}},"line":62},"3":{"name":"(anonymous_3)","decl":{"start":{"line":74,"column":4},"end":{"line":74,"column":5}},"loc":{"start":{"line":74,"column":77},"end":{"line":76,"column":5}},"line":74},"4":{"name":"(anonymous_4)","decl":{"start":{"line":84,"column":4},"end":{"line":84,"column":5}},"loc":{"start":{"line":84,"column":90},"end":{"line":87,"column":5}},"line":84},"5":{"name":"(anonymous_5)","decl":{"start":{"line":94,"column":4},"end":{"line":94,"column":5}},"loc":{"start":{"line":94,"column":47},"end":{"line":96,"column":5}},"line":94},"6":{"name":"(anonymous_6)","decl":{"start":{"line":99,"column":4},"end":{"line":99,"column":5}},"loc":{"start":{"line":99,"column":66},"end":{"line":122,"column":5}},"line":99},"7":{"name":"(anonymous_7)","decl":{"start":{"line":100,"column":36},"end":{"line":100,"column":37}},"loc":{"start":{"line":100,"column":57},"end":{"line":119,"column":9}},"line":100},"8":{"name":"(anonymous_8)","decl":{"start":{"line":105,"column":41},"end":{"line":105,"column":42}},"loc":{"start":{"line":105,"column":52},"end":{"line":107,"column":21}},"line":105},"9":{"name":"(anonymous_9)","decl":{"start":{"line":124,"column":4},"end":{"line":124,"column":5}},"loc":{"start":{"line":124,"column":64},"end":{"line":131,"column":5}},"line":124}},"branchMap":{"0":{"loc":{"start":{"line":52,"column":8},"end":{"line":58,"column":9}},"type":"if","locations":[{"start":{"line":52,"column":8},"end":{"line":58,"column":9}},{"start":{},"end":{}}],"line":52},"1":{"loc":{"start":{"line":86,"column":8},"end":{"line":86,"column":130}},"type":"cond-expr","locations":[{"start":{"line":86,"column":50},"end":{"line":86,"column":76}},{"start":{"line":86,"column":79},"end":{"line":86,"column":130}}],"line":86},"2":{"loc":{"start":{"line":86,"column":8},"end":{"line":86,"column":47}},"type":"binary-expr","locations":[{"start":{"line":86,"column":8},"end":{"line":86,"column":20}},{"start":{"line":86,"column":24},"end":{"line":86,"column":47}}],"line":86},"3":{"loc":{"start":{"line":101,"column":12},"end":{"line":118,"column":13}},"type":"if","locations":[{"start":{"line":101,"column":12},"end":{"line":118,"column":13}},{"start":{"line":109,"column":19},"end":{"line":118,"column":13}}],"line":101},"4":{"loc":{"start":{"line":104,"column":16},"end":{"line":108,"column":17}},"type":"if","locations":[{"start":{"line":104,"column":16},"end":{"line":108,"column":17}},{"start":{},"end":{}}],"line":104},"5":{"loc":{"start":{"line":115,"column":16},"end":{"line":117,"column":17}},"type":"if","locations":[{"start":{"line":115,"column":16},"end":{"line":117,"column":17}},{"start":{},"end":{}}],"line":115},"6":{"loc":{"start":{"line":125,"column":8},"end":{"line":130,"column":9}},"type":"switch","locations":[{"start":{"line":126,"column":12},"end":{"line":127,"column":80}},{"start":{"line":128,"column":12},"end":{"line":129,"column":31}}],"line":125}},"s":{"0":0,"1":0,"2":0,"3":0,"4":0,"5":0,"6":0,"7":0,"8":0,"9":0,"10":0,"11":0,"12":0,"13":0,"14":0,"15":0,"16":0,"17":0,"18":0,"19":0,"20":0,"21":0,"22":0,"23":0,"24":0,"25":0,"26":0,"27":0,"28":0,"29":0,"30":0,"31":0},"f":{"0":0,"1":0,"2":0,"3":0,"4":0,"5":0,"6":0,"7":0,"8":0,"9":0},"b":{"0":[0,0],"1":[0,0],"2":[0,0],"3":[0,0],"4":[0,0],"5":[0,0],"6":[0,0]}}
,"/Users/henryboswell/Desktop/react-native-onesignal/src/events/NotificationReceivedEvent.ts": {"path":"/Users/henryboswell/Desktop/react-native-onesignal/src/events/NotificationReceivedEvent.ts","statementMap":{"0":{"start":{"line":3,"column":20},"end":{"line":3,"column":43}},"1":{"start":{"line":9,"column":8},"end":{"line":9,"column":62}},"2":{"start":{"line":13,"column":8},"end":{"line":18,"column":9}},"3":{"start":{"line":16,"column":12},"end":{"line":16,"column":91}},"4":{"start":{"line":17,"column":12},"end":{"line":17,"column":19}},"5":{"start":{"line":23,"column":8},"end":{"line":23,"column":81}},"6":{"start":{"line":27,"column":8},"end":{"line":27,"column":33}}},"fnMap":{"0":{"name":"(anonymous_0)","decl":{"start":{"line":8,"column":4},"end":{"line":8,"column":5}},"loc":{"start":{"line":8,"column":46},"end":{"line":10,"column":5}},"line":8},"1":{"name":"(anonymous_1)","decl":{"start":{"line":12,"column":4},"end":{"line":12,"column":5}},"loc":{"start":{"line":12,"column":50},"end":{"line":24,"column":5}},"line":12},"2":{"name":"(anonymous_2)","decl":{"start":{"line":26,"column":4},"end":{"line":26,"column":5}},"loc":{"start":{"line":26,"column":38},"end":{"line":28,"column":5}},"line":26}},"branchMap":{"0":{"loc":{"start":{"line":13,"column":8},"end":{"line":18,"column":9}},"type":"if","locations":[{"start":{"line":13,"column":8},"end":{"line":18,"column":9}},{"start":{},"end":{}}],"line":13}},"s":{"0":0,"1":0,"2":0,"3":0,"4":0,"5":0,"6":0},"f":{"0":0,"1":0,"2":0},"b":{"0":[0,0]}}
,"/Users/henryboswell/Desktop/react-native-onesignal/src/events/events.ts": {"path":"/Users/henryboswell/Desktop/react-native-onesignal/src/events/events.ts","statementMap":{"0":{"start":{"line":2,"column":38},"end":{"line":2,"column":82}},"1":{"start":{"line":3,"column":38},"end":{"line":3,"column":74}},"2":{"start":{"line":4,"column":38},"end":{"line":4,"column":69}},"3":{"start":{"line":7,"column":43},"end":{"line":7,"column":78}},"4":{"start":{"line":8,"column":42},"end":{"line":8,"column":76}},"5":{"start":{"line":9,"column":43},"end":{"line":9,"column":78}},"6":{"start":{"line":10,"column":42},"end":{"line":10,"column":76}},"7":{"start":{"line":12,"column":34},"end":{"line":12,"column":63}},"8":{"start":{"line":13,"column":36},"end":{"line":13,"column":67}},"9":{"start":{"line":14,"column":42},"end":{"line":14,"column":78}},"10":{"start":{"line":15,"column":40},"end":{"line":15,"column":74}}},"fnMap":{},"branchMap":{},"s":{"0":0,"1":0,"2":0,"3":0,"4":0,"5":0,"6":0,"7":0,"8":0,"9":0,"10":0},"f":{},"b":{}}
,"/Users/henryboswell/Desktop/react-native-onesignal/src/models/InAppMessage.ts": {"path":"/Users/henryboswell/Desktop/react-native-onesignal/src/models/InAppMessage.ts","statementMap":{},"fnMap":{},"branchMap":{},"s":{},"f":{},"b":{}}
,"/Users/henryboswell/Desktop/react-native-onesignal/src/models/NotificationEvents.ts": {"path":"/Users/henryboswell/Desktop/react-native-onesignal/src/models/NotificationEvents.ts","statementMap":{},"fnMap":{},"branchMap":{},"s":{},"f":{},"b":{}}
,"/Users/henryboswell/Desktop/react-native-onesignal/src/models/Outcomes.ts": {"path":"/Users/henryboswell/Desktop/react-native-onesignal/src/models/Outcomes.ts","statementMap":{},"fnMap":{},"branchMap":{},"s":{},"f":{},"b":{}}
,"/Users/henryboswell/Desktop/react-native-onesignal/src/models/Subscription.ts": {"path":"/Users/henryboswell/Desktop/react-native-onesignal/src/models/Subscription.ts","statementMap":{},"fnMap":{},"branchMap":{},"s":{},"f":{},"b":{}}
}
