TN:
SF:src/OSNotification.ts
FN:39,(anonymous_0)
FNF:1
FNH:0
FNDA:0,(anonymous_0)
DA:40,0
DA:41,0
DA:42,0
DA:43,0
DA:44,0
DA:45,0
DA:46,0
DA:47,0
DA:49,0
DA:50,0
DA:51,0
DA:52,0
DA:53,0
DA:54,0
DA:55,0
DA:56,0
DA:57,0
DA:58,0
DA:59,0
DA:60,0
DA:61,0
DA:64,0
DA:65,0
DA:66,0
DA:67,0
DA:68,0
DA:69,0
DA:70,0
DA:71,0
DA:72,0
DA:73,0
DA:74,0
DA:75,0
DA:76,0
LF:34
LH:0
BRDA:49,0,0,0
BRDA:49,0,1,0
BRDA:64,1,0,0
BRDA:64,1,1,0
BRF:4
BRH:0
end_of_record
TN:
SF:src/helpers.ts
FN:10,isValidCallback
FN:17,isNativeModuleLoaded
FN:29,isMultipleInstancesPossible
FNF:3
FNH:0
FNDA:0,isValidCallback
FNDA:0,isNativeModuleLoaded
FNDA:0,isMultipleInstancesPossible
DA:11,0
DA:18,0
DA:19,0
DA:20,0
DA:22,0
DA:30,0
DA:35,0
DA:37,0
LF:8
LH:0
BRDA:18,0,0,0
BRDA:18,0,1,0
BRDA:30,1,0,0
BRDA:30,1,1,0
BRDA:30,1,2,0
BRDA:30,1,3,0
BRDA:30,1,4,0
BRF:7
BRH:0
end_of_record
TN:
SF:src/index.ts
FN:46,(anonymous_0)
FN:58,(anonymous_1)
FN:69,(anonymous_2)
FN:80,(anonymous_3)
FN:91,(anonymous_4)
FN:102,(anonymous_5)
FN:113,(anonymous_6)
FN:124,(anonymous_7)
FN:135,(anonymous_8)
FN:150,(anonymous_9)
FN:162,(anonymous_10)
FN:183,(anonymous_11)
FN:199,(anonymous_12)
FN:214,(anonymous_13)
FN:230,(anonymous_14)
FN:241,(anonymous_15)
FN:257,(anonymous_16)
FN:268,(anonymous_17)
FN:278,(anonymous_18)
FN:292,(anonymous_19)
FN:311,(anonymous_20)
FN:315,(anonymous_21)
FN:319,(anonymous_22)
FN:332,(anonymous_23)
FN:347,(anonymous_24)
FN:363,(anonymous_25)
FN:373,(anonymous_26)
FN:385,(anonymous_27)
FN:404,(anonymous_28)
FN:412,(anonymous_29)
FN:421,(anonymous_30)
FN:426,(anonymous_31)
FN:440,(anonymous_32)
FN:448,(anonymous_33)
FN:457,(anonymous_34)
FN:462,(anonymous_35)
FN:476,(anonymous_36)
FN:480,(anonymous_37)
FN:483,(anonymous_38)
FN:492,(anonymous_39)
FN:508,(anonymous_40)
FN:524,(anonymous_41)
FN:539,(anonymous_42)
FN:558,(anonymous_43)
FN:568,(anonymous_44)
FN:579,(anonymous_45)
FN:584,(anonymous_46)
FN:596,(anonymous_47)
FN:609,(anonymous_48)
FN:638,(anonymous_49)
FN:656,(anonymous_50)
FN:673,(anonymous_51)
FN:684,(anonymous_52)
FN:694,(anonymous_53)
FN:705,(anonymous_54)
FN:718,(anonymous_55)
FN:722,(anonymous_56)
FN:734,(anonymous_57)
FN:738,(anonymous_58)
FN:752,(anonymous_59)
FN:756,(anonymous_60)
FN:768,(anonymous_61)
FN:779,(anonymous_62)
FN:791,(anonymous_63)
FN:802,(anonymous_64)
FN:816,(anonymous_65)
FN:826,(anonymous_66)
FNF:67
FNH:0
FNDA:0,(anonymous_0)
FNDA:0,(anonymous_1)
FNDA:0,(anonymous_2)
FNDA:0,(anonymous_3)
FNDA:0,(anonymous_4)
FNDA:0,(anonymous_5)
FNDA:0,(anonymous_6)
FNDA:0,(anonymous_7)
FNDA:0,(anonymous_8)
FNDA:0,(anonymous_9)
FNDA:0,(anonymous_10)
FNDA:0,(anonymous_11)
FNDA:0,(anonymous_12)
FNDA:0,(anonymous_13)
FNDA:0,(anonymous_14)
FNDA:0,(anonymous_15)
FNDA:0,(anonymous_16)
FNDA:0,(anonymous_17)
FNDA:0,(anonymous_18)
FNDA:0,(anonymous_19)
FNDA:0,(anonymous_20)
FNDA:0,(anonymous_21)
FNDA:0,(anonymous_22)
FNDA:0,(anonymous_23)
FNDA:0,(anonymous_24)
FNDA:0,(anonymous_25)
FNDA:0,(anonymous_26)
FNDA:0,(anonymous_27)
FNDA:0,(anonymous_28)
FNDA:0,(anonymous_29)
FNDA:0,(anonymous_30)
FNDA:0,(anonymous_31)
FNDA:0,(anonymous_32)
FNDA:0,(anonymous_33)
FNDA:0,(anonymous_34)
FNDA:0,(anonymous_35)
FNDA:0,(anonymous_36)
FNDA:0,(anonymous_37)
FNDA:0,(anonymous_38)
FNDA:0,(anonymous_39)
FNDA:0,(anonymous_40)
FNDA:0,(anonymous_41)
FNDA:0,(anonymous_42)
FNDA:0,(anonymous_43)
FNDA:0,(anonymous_44)
FNDA:0,(anonymous_45)
FNDA:0,(anonymous_46)
FNDA:0,(anonymous_47)
FNDA:0,(anonymous_48)
FNDA:0,(anonymous_49)
FNDA:0,(anonymous_50)
FNDA:0,(anonymous_51)
FNDA:0,(anonymous_52)
FNDA:0,(anonymous_53)
FNDA:0,(anonymous_54)
FNDA:0,(anonymous_55)
FNDA:0,(anonymous_56)
FNDA:0,(anonymous_57)
FNDA:0,(anonymous_58)
FNDA:0,(anonymous_59)
FNDA:0,(anonymous_60)
FNDA:0,(anonymous_61)
FNDA:0,(anonymous_62)
FNDA:0,(anonymous_63)
FNDA:0,(anonymous_64)
FNDA:0,(anonymous_65)
FNDA:0,(anonymous_66)
DA:32,0
DA:33,0
DA:47,0
DA:48,0
DA:59,0
DA:60,0
DA:61,0
DA:62,0
DA:70,0
DA:71,0
DA:72,0
DA:81,0
DA:82,0
DA:83,0
DA:84,0
DA:92,0
DA:93,0
DA:94,0
DA:103,0
DA:104,0
DA:105,0
DA:106,0
DA:114,0
DA:115,0
DA:116,0
DA:125,0
DA:126,0
DA:127,0
DA:128,0
DA:136,0
DA:137,0
DA:138,0
DA:151,0
DA:152,0
DA:153,0
DA:154,0
DA:163,0
DA:164,0
DA:166,0
DA:167,0
DA:184,0
DA:186,0
DA:188,0
DA:190,0
DA:192,0
DA:194,0
DA:198,0
DA:199,0
DA:202,0
DA:215,0
DA:217,0
DA:218,0
DA:219,0
DA:221,0
DA:231,0
DA:233,0
DA:242,0
DA:244,0
DA:245,0
DA:247,0
DA:259,0
DA:260,0
DA:269,0
DA:271,0
DA:279,0
DA:282,0
DA:293,0
DA:294,0
DA:296,0
DA:297,0
DA:298,0
DA:301,0
DA:312,0
DA:314,0
DA:315,0
DA:318,0
DA:319,0
DA:321,0
DA:333,0
DA:335,0
DA:336,0
DA:339,0
DA:348,0
DA:349,0
DA:351,0
DA:352,0
DA:355,0
DA:364,0
DA:365,0
DA:374,0
DA:375,0
DA:376,0
DA:378,0
DA:386,0
DA:388,0
DA:389,0
DA:392,0
DA:405,0
DA:407,0
DA:408,0
DA:411,0
DA:412,0
DA:414,0
DA:422,0
DA:425,0
DA:426,0
DA:428,0
DA:441,0
DA:443,0
DA:444,0
DA:447,0
DA:448,0
DA:450,0
DA:458,0
DA:461,0
DA:462,0
DA:464,0
DA:477,0
DA:479,0
DA:480,0
DA:482,0
DA:483,0
DA:485,0
DA:493,0
DA:495,0
DA:496,0
DA:498,0
DA:509,0
DA:511,0
DA:512,0
DA:514,0
DA:525,0
DA:527,0
DA:528,0
DA:530,0
DA:540,0
DA:542,0
DA:543,0
DA:545,0
DA:560,0
DA:562,0
DA:563,0
DA:564,0
DA:567,0
DA:568,0
DA:571,0
DA:580,0
DA:583,0
DA:584,0
DA:586,0
DA:597,0
DA:598,0
DA:599,0
DA:600,0
DA:601,0
DA:610,0
DA:612,0
DA:613,0
DA:614,0
DA:616,0
DA:617,0
DA:618,0
DA:620,0
DA:621,0
DA:622,0
DA:624,0
DA:625,0
DA:626,0
DA:629,0
DA:639,0
DA:642,0
DA:643,0
DA:646,0
DA:647,0
DA:648,0
DA:657,0
DA:659,0
DA:661,0
DA:662,0
DA:665,0
DA:674,0
DA:676,0
DA:685,0
DA:686,0
DA:696,0
DA:697,0
DA:706,0
DA:707,0
DA:719,0
DA:721,0
DA:722,0
DA:725,0
DA:735,0
DA:737,0
DA:738,0
DA:741,0
DA:753,0
DA:755,0
DA:756,0
DA:759,0
DA:769,0
DA:772,0
DA:780,0
DA:783,0
DA:792,0
DA:794,0
DA:803,0
DA:805,0
DA:817,0
DA:819,0
DA:827,0
DA:828,0
LF:212
LH:0
BRDA:47,0,0,0
BRDA:47,0,1,0
BRDA:59,1,0,0
BRDA:59,1,1,0
BRDA:70,2,0,0
BRDA:70,2,1,0
BRDA:81,3,0,0
BRDA:81,3,1,0
BRDA:92,4,0,0
BRDA:92,4,1,0
BRDA:103,5,0,0
BRDA:103,5,1,0
BRDA:114,6,0,0
BRDA:114,6,1,0
BRDA:125,7,0,0
BRDA:125,7,1,0
BRDA:136,8,0,0
BRDA:136,8,1,0
BRDA:151,9,0,0
BRDA:151,9,1,0
BRDA:163,10,0,0
BRDA:163,10,1,0
BRDA:184,11,0,0
BRDA:184,11,1,0
BRDA:188,12,0,0
BRDA:188,12,1,0
BRDA:192,13,0,0
BRDA:192,13,1,0
BRDA:198,14,0,0
BRDA:198,14,1,0
BRDA:198,15,0,0
BRDA:198,15,1,0
BRDA:215,16,0,0
BRDA:215,16,1,0
BRDA:217,17,0,0
BRDA:217,17,1,0
BRDA:231,18,0,0
BRDA:231,18,1,0
BRDA:242,19,0,0
BRDA:242,19,1,0
BRDA:244,20,0,0
BRDA:244,20,1,0
BRDA:259,21,0,0
BRDA:259,21,1,0
BRDA:269,22,0,0
BRDA:269,22,1,0
BRDA:279,23,0,0
BRDA:279,23,1,0
BRDA:293,24,0,0
BRDA:293,24,1,0
BRDA:296,25,0,0
BRDA:296,25,1,0
BRDA:312,26,0,0
BRDA:312,26,1,0
BRDA:314,27,0,0
BRDA:314,27,1,0
BRDA:318,28,0,0
BRDA:318,28,1,0
BRDA:333,29,0,0
BRDA:333,29,1,0
BRDA:335,30,0,0
BRDA:335,30,1,0
BRDA:335,31,0,0
BRDA:335,31,1,0
BRDA:335,31,2,0
BRDA:348,32,0,0
BRDA:348,32,1,0
BRDA:351,33,0,0
BRDA:351,33,1,0
BRDA:355,34,0,0
BRDA:355,34,1,0
BRDA:364,35,0,0
BRDA:364,35,1,0
BRDA:374,36,0,0
BRDA:374,36,1,0
BRDA:375,37,0,0
BRDA:375,37,1,0
BRDA:386,38,0,0
BRDA:386,38,1,0
BRDA:388,39,0,0
BRDA:388,39,1,0
BRDA:405,40,0,0
BRDA:405,40,1,0
BRDA:407,41,0,0
BRDA:407,41,1,0
BRDA:411,42,0,0
BRDA:411,42,1,0
BRDA:411,43,0,0
BRDA:411,43,1,0
BRDA:422,44,0,0
BRDA:422,44,1,0
BRDA:425,45,0,0
BRDA:425,45,1,0
BRDA:425,46,0,0
BRDA:425,46,1,0
BRDA:441,47,0,0
BRDA:441,47,1,0
BRDA:443,48,0,0
BRDA:443,48,1,0
BRDA:447,49,0,0
BRDA:447,49,1,0
BRDA:447,50,0,0
BRDA:447,50,1,0
BRDA:458,51,0,0
BRDA:458,51,1,0
BRDA:461,52,0,0
BRDA:461,52,1,0
BRDA:461,53,0,0
BRDA:461,53,1,0
BRDA:477,54,0,0
BRDA:477,54,1,0
BRDA:479,55,0,0
BRDA:479,55,1,0
BRDA:482,56,0,0
BRDA:482,56,1,0
BRDA:493,57,0,0
BRDA:493,57,1,0
BRDA:495,58,0,0
BRDA:495,58,1,0
BRDA:509,59,0,0
BRDA:509,59,1,0
BRDA:511,60,0,0
BRDA:511,60,1,0
BRDA:525,61,0,0
BRDA:525,61,1,0
BRDA:527,62,0,0
BRDA:527,62,1,0
BRDA:540,63,0,0
BRDA:540,63,1,0
BRDA:542,64,0,0
BRDA:542,64,1,0
BRDA:560,65,0,0
BRDA:560,65,1,0
BRDA:562,66,0,0
BRDA:562,66,1,0
BRDA:567,67,0,0
BRDA:567,67,1,0
BRDA:567,68,0,0
BRDA:567,68,1,0
BRDA:580,69,0,0
BRDA:580,69,1,0
BRDA:583,70,0,0
BRDA:583,70,1,0
BRDA:583,71,0,0
BRDA:583,71,1,0
BRDA:597,72,0,0
BRDA:597,72,1,0
BRDA:610,73,0,0
BRDA:610,73,1,0
BRDA:612,74,0,0
BRDA:612,74,1,0
BRDA:616,75,0,0
BRDA:616,75,1,0
BRDA:620,76,0,0
BRDA:620,76,1,0
BRDA:624,77,0,0
BRDA:624,77,1,0
BRDA:639,78,0,0
BRDA:639,78,1,0
BRDA:642,79,0,0
BRDA:642,79,1,0
BRDA:642,80,0,0
BRDA:642,80,1,0
BRDA:657,81,0,0
BRDA:657,81,1,0
BRDA:661,82,0,0
BRDA:661,82,1,0
BRDA:674,83,0,0
BRDA:674,83,1,0
BRDA:685,84,0,0
BRDA:685,84,1,0
BRDA:696,85,0,0
BRDA:696,85,1,0
BRDA:706,86,0,0
BRDA:706,86,1,0
BRDA:719,87,0,0
BRDA:719,87,1,0
BRDA:721,88,0,0
BRDA:721,88,1,0
BRDA:735,89,0,0
BRDA:735,89,1,0
BRDA:737,90,0,0
BRDA:737,90,1,0
BRDA:753,91,0,0
BRDA:753,91,1,0
BRDA:755,92,0,0
BRDA:755,92,1,0
BRDA:769,93,0,0
BRDA:769,93,1,0
BRDA:780,94,0,0
BRDA:780,94,1,0
BRDA:792,95,0,0
BRDA:792,95,1,0
BRDA:803,96,0,0
BRDA:803,96,1,0
BRDA:817,97,0,0
BRDA:817,97,1,0
BRDA:827,98,0,0
BRDA:827,98,1,0
BRF:199
BRH:0
end_of_record
TN:
SF:src/events/EventManager.ts
FN:41,(anonymous_0)
FN:50,(anonymous_1)
FN:62,(anonymous_2)
FN:74,(anonymous_3)
FN:84,(anonymous_4)
FN:94,(anonymous_5)
FN:99,(anonymous_6)
FN:100,(anonymous_7)
FN:105,(anonymous_8)
FN:124,(anonymous_9)
FNF:10
FNH:0
FNDA:0,(anonymous_0)
FNDA:0,(anonymous_1)
FNDA:0,(anonymous_2)
FNDA:0,(anonymous_3)
FNDA:0,(anonymous_4)
FNDA:0,(anonymous_5)
FNDA:0,(anonymous_6)
FNDA:0,(anonymous_7)
FNDA:0,(anonymous_8)
FNDA:0,(anonymous_9)
DA:20,0
DA:42,0
DA:43,0
DA:44,0
DA:45,0
DA:46,0
DA:47,0
DA:52,0
DA:54,0
DA:55,0
DA:56,0
DA:63,0
DA:64,0
DA:75,0
DA:85,0
DA:86,0
DA:95,0
DA:100,0
DA:101,0
DA:103,0
DA:104,0
DA:105,0
DA:106,0
DA:111,0
DA:112,0
DA:115,0
DA:116,0
DA:121,0
DA:125,0
DA:127,0
DA:129,0
LF:31
LH:0
BRDA:52,0,0,0
BRDA:52,0,1,0
BRDA:86,1,0,0
BRDA:86,1,1,0
BRDA:86,2,0,0
BRDA:86,2,1,0
BRDA:101,3,0,0
BRDA:101,3,1,0
BRDA:104,4,0,0
BRDA:104,4,1,0
BRDA:115,5,0,0
BRDA:115,5,1,0
BRDA:125,6,0,0
BRDA:125,6,1,0
BRF:14
BRH:0
end_of_record
TN:
SF:src/events/NotificationReceivedEvent.ts
FN:8,(anonymous_0)
FN:12,(anonymous_1)
FN:26,(anonymous_2)
FNF:3
FNH:0
FNDA:0,(anonymous_0)
FNDA:0,(anonymous_1)
FNDA:0,(anonymous_2)
DA:3,0
DA:9,0
DA:13,0
DA:16,0
DA:17,0
DA:23,0
DA:27,0
LF:7
LH:0
BRDA:13,0,0,0
BRDA:13,0,1,0
BRF:2
BRH:0
end_of_record
TN:
SF:src/events/events.ts
FNF:0
FNH:0
DA:2,0
DA:3,0
DA:4,0
DA:7,0
DA:8,0
DA:9,0
DA:10,0
DA:12,0
DA:13,0
DA:14,0
DA:15,0
LF:11
LH:0
BRF:0
BRH:0
end_of_record
TN:
SF:src/models/InAppMessage.ts
FNF:0
FNH:0
LF:0
LH:0
BRF:0
BRH:0
end_of_record
TN:
SF:src/models/NotificationEvents.ts
FNF:0
FNH:0
LF:0
LH:0
BRF:0
BRH:0
end_of_record
TN:
SF:src/models/Outcomes.ts
FNF:0
FNH:0
LF:0
LH:0
BRF:0
BRH:0
end_of_record
TN:
SF:src/models/Subscription.ts
FNF:0
FNH:0
LF:0
LH:0
BRF:0
BRH:0
end_of_record
